#
# A fatal error has been detected by the Java Runtime Environment:
#
#  SIGSEGV (0xb) at pc=0x000000010d0fbce9, pid=2889, tid=11267
#
# JRE version: Java(TM) SE Runtime Environment (7.0_79-b15) (build 1.7.0_79-b15)
# Java VM: Java HotSpot(TM) 64-Bit Server VM (24.79-b02 mixed mode bsd-amd64 compressed oops)
# Problematic frame:
# C  [libswt-cocoa-4530.jnilib+0x25ce9]  callback+0x297
#
# Failed to write core dump. Core dumps have been disabled. To enable core dumping, try "ulimit -c unlimited" before starting Java again
#
# If you would like to submit a bug report, please visit:
#   http://bugreport.java.com/bugreport/crash.jsp
#

---------------  T H R E A D  ---------------

Current thread (0x00007fef0a80b000):  VMThread [stack: 0x00007000070f6000,0x00007000071f6000] [id=11267]

siginfo:si_signo=SIGSEGV: si_errno=0, si_code=1 (SEGV_MAPERR), si_addr=0x0000000000000078

Registers:
RAX=0x0000000000000000, RBX=0x00007fef0d0873c0, RCX=0x00007000071f5754, RDX=0x0000000000000001
RSP=0x00007000071f5780, RBP=0x00007000071f58b0, RSI=0x0000000000000000, RDI=0x0000000000000000
R8 =0x0000000000000001, R9 =0x00007fef094289c0, R10=0x00007fef09548170, R11=0x00007fef09881050
R12=0x00007fffaaef4b40, R13=0x00007fffaaef4b40, R14=0x0000000000000000, R15=0x0000000000000000
RIP=0x000000010d0fbce9, EFLAGS=0x0000000000010206, ERR=0x0000000000000004
  TRAPNO=0x000000000000000e

Top of Stack: (sp=0x00007000071f5780)
0x00007000071f5780:   000000010d0fbadb 00007fffb43782f0
0x00007000071f5790:   0000000000000002 00000000b0a5e9f0
0x00007000071f57a0:   00007fff94ee20d4 00007fff944dd27a
0x00007000071f57b0:   00007fffb095edd0 00007fef0a80b1e8
0x00007000071f57c0:   00007fef09508ed8 00007fef09720bd0
0x00007000071f57d0:   0000000200012c03 0000000000000000
0x00007000071f57e0:   00007000071f5840 00007fff00000000
0x00007000071f57f0:   00007fffb4431480 ffff8010f4340010
0x00007000071f5800:   00007fef0d6023b0 00007fef09545a20
0x00007000071f5810:   00007fff94ee78e5 0000000000000000
0x00007000071f5820:   0000000000000001 00007fef094289c0
0x00007000071f5830:   00000000000000f8 00007fff94edb407
0x00007000071f5840:   00007000071f5910 00007fffaaef55d4
0x00007000071f5850:   00007fef094289c0 0000000000000001
0x00007000071f5860:   0000000000000000 0000000000000000
0x00007000071f5870:   00007fff94ee20d4 00007fef0d0873c0
0x00007000071f5880:   00007fef0d1d2760 00007fef0bcbfff0
0x00007000071f5890:   0000000000000000 0000000000000000
0x00007000071f58a0:   0000000000000000 0000000000000000
0x00007000071f58b0:   00007000071f58d0 000000010d0da25e
0x00007000071f58c0:   00007fff94ee78e5 00007fef09545a20
0x00007000071f58d0:   00007000071f5910 00007fff944dd2f0
0x00007000071f58e0:   00007fef09511d30 00007fef09511e80
0x00007000071f58f0:   00007000071f59a0 0000000000000000
0x00007000071f5900:   00000000000000f8 00007fff94edb407
0x00007000071f5910:   00007000071f5970 00007fff9463a2e8
0x00007000071f5920:   00007fef0d6033b0 00007fef0d6033b0
0x00007000071f5930:   00007000071f5940 0000000000000000
0x00007000071f5940:   00007000071f5950 00007fef0d0873c0
0x00007000071f5950:   00007fff94ee3d54 00007fffaaef4b40
0x00007000071f5960:   00007fff94ed9b7e 0000000000000000
0x00007000071f5970:   00007000071f59f0 00007fff9463a090 

Instructions: (pc=0x000000010d0fbce9)
0x000000010d0fbcc9:   ff ff 01 00 00 00 48 8b 85 08 ff ff ff 48 85 c0
0x000000010d0fbcd9:   0f 84 9f 03 00 00 48 8b 85 08 ff ff ff 48 8b 00
0x000000010d0fbce9:   48 8b 40 78 48 8b bd 08 ff ff ff ff d0 48 89 85
0x000000010d0fbcf9:   30 ff ff ff 48 83 bd 30 ff ff ff 00 74 26 48 8b 

Register to memory mapping:

RAX=0x0000000000000000 is an unknown value
RBX=0x00007fef0d0873c0 is an unknown value
RCX=0x00007000071f5754 is an unknown value
RDX=0x0000000000000001 is an unknown value
RSP=0x00007000071f5780 is an unknown value
RBP=0x00007000071f58b0 is an unknown value
RSI=0x0000000000000000 is an unknown value
RDI=0x0000000000000000 is an unknown value
R8 =0x0000000000000001 is an unknown value
R9 =0x00007fef094289c0 is an unknown value
R10=0x00007fef09548170 is an unknown value
R11=0x00007fef09881050 is an unknown value
R12=0x00007fffaaef4b40: objc_msgSend+0 in /usr/lib/libobjc.A.dylib at 0x00007fffaaeee000
R13=0x00007fffaaef4b40: objc_msgSend+0 in /usr/lib/libobjc.A.dylib at 0x00007fffaaeee000
R14=0x0000000000000000 is an unknown value
R15=0x0000000000000000 is an unknown value


Stack: [0x00007000070f6000,0x00007000071f6000],  sp=0x00007000071f5780,  free space=1021k
Native frames: (J=compiled Java code, j=interpreted, Vv=VM code, C=native code)
C  [libswt-cocoa-4530.jnilib+0x25ce9]  callback+0x297
C  [libswt-cocoa-4530.jnilib+0x425e]  fn0_2+0x27
C  [AppKit+0x1812f0]  -[NSWindow orderWindow:relativeTo:]+0x76
C  [AppKit+0x2de2e8]  __18-[NSWindow _close]_block_invoke+0x209
C  [AppKit+0x2de090]  -[NSWindow _close]+0x16d
C  [FinderKit+0xa7c79]  -[FI_TFloatingInputWindowController dealloc]+0x3b
C  [libobjc.A.dylib+0xec49]  objc_object::sidetable_release(bool)+0x11d
C  [AppKit+0x56e89]  -[NSWindowController release]+0x9b
C  [FinderKit+0xa7964]  TNSRef<FI_TFloatingInputWindowController*, void>::~TNSRef()+0x14
C  [libsystem_c.dylib+0x60198]  __cxa_finalize_ranges+0x14c
C  [libsystem_c.dylib+0x604d2]  exit+0x37
V  [libjvm.dylib+0x2daa9e]  vm_exit(int)+0x0
V  [libjvm.dylib+0x534667]  VM_Operation::evaluate()+0x4f
V  [libjvm.dylib+0x532ccb]  VMThread::evaluate_operation(VM_Operation*)+0xdf
V  [libjvm.dylib+0x533118]  VMThread::loop()+0x328
V  [libjvm.dylib+0x532a37]  VMThread::run()+0x79
V  [libjvm.dylib+0x421c4e]  java_start(Thread*)+0x126
C  [libsystem_pthread.dylib+0x3abb]  _pthread_body+0xb4
C  [libsystem_pthread.dylib+0x3a07]  _pthread_body+0x0
C  [libsystem_pthread.dylib+0x3231]  thread_start+0xd

VM_Operation (0x00007fff5ebee678): Exit, mode: safepoint, requested by thread 0x00007fef0b002000


---------------  P R O C E S S  ---------------

Java Threads: ( => current thread )
  0x00007fef09951800 JavaThread "Abandoned connection cleanup thread" daemon [_thread_blocked, id=56107, stack(0x0000700007991000,0x0000700007a91000)]
  0x00007fef09817000 JavaThread "Service Thread" daemon [_thread_blocked, id=17667, stack(0x0000700007708000,0x0000700007808000)]
  0x00007fef09816000 JavaThread "C2 CompilerThread1" daemon [_thread_blocked, id=17155, stack(0x0000700007605000,0x0000700007705000)]
  0x00007fef09814800 JavaThread "C2 CompilerThread0" daemon [_thread_blocked, id=16643, stack(0x0000700007502000,0x0000700007602000)]
  0x00007fef09803800 JavaThread "Signal Dispatcher" daemon [_thread_blocked, id=16135, stack(0x00007000073ff000,0x00007000074ff000)]
  0x00007fef0b040800 JavaThread "Finalizer" daemon [_thread_blocked, id=12291, stack(0x00007000072fc000,0x00007000073fc000)]
  0x00007fef0a013800 JavaThread "Reference Handler" daemon [_thread_blocked, id=11779, stack(0x00007000071f9000,0x00007000072f9000)]
  0x00007fef0b002000 JavaThread "main" [_thread_blocked, id=2059, stack(0x00007fff5e3f5000,0x00007fff5ebf5000)]

Other Threads:
=>0x00007fef0a80b000 VMThread [stack: 0x00007000070f6000,0x00007000071f6000] [id=11267]

VM state:at safepoint (shutting down)

VM Mutex/Monitor currently owned by a thread:  ([mutex/lock_event])
[0x00007fef09507960] Threads_lock - owner thread: 0x00007fef0a80b000

Heap
 PSYoungGen      total 38912K, used 20829K [0x00000007d5500000, 0x00000007d8000000, 0x0000000800000000)
  eden space 33792K, 47% used [0x00000007d5500000,0x00000007d648fa38,0x00000007d7600000)
  from space 5120K, 95% used [0x00000007d7600000,0x00000007d7ac7c98,0x00000007d7b00000)
  to   space 5120K, 0% used [0x00000007d7b00000,0x00000007d7b00000,0x00000007d8000000)
 ParOldGen       total 87040K, used 22K [0x0000000780000000, 0x0000000785500000, 0x00000007d5500000)
  object space 87040K, 0% used [0x0000000780000000,0x0000000780005bd0,0x0000000785500000)
 PSPermGen       total 21504K, used 9596K [0x000000077ae00000, 0x000000077c300000, 0x0000000780000000)
  object space 21504K, 44% used [0x000000077ae00000,0x000000077b75f1c8,0x000000077c300000)

Card table byte_map: [0x0000000105463000,0x000000010588d000] byte_map_base: 0x000000010188c000

Polling page: 0x00000001010c5000

Code Cache  [0x0000000102463000, 0x00000001026d3000, 0x0000000105463000)
 total_blobs=544 nmethods=153 adapters=345 free_code_cache=48371Kb largest_free_block=49508032

Compilation events (10 events):
Event: 35.109 Thread 0x00007fef09816000 nmethod 151 0x0000000102512610 code [0x0000000102512740, 0x00000001025127d8]
Event: 35.109 Thread 0x00007fef09816000  152             java.util.Properties::getProperty (46 bytes)
Event: 35.110 Thread 0x00007fef09816000 nmethod 152 0x0000000102512150 code [0x00000001025122c0, 0x0000000102512448]
Event: 35.111 Thread 0x00007fef09814800 nmethod 150 0x0000000102528690 code [0x0000000102528800, 0x0000000102528a78]
Event: 35.116 Thread 0x00007fef09816000  153             java.lang.AbstractStringBuilder::append (29 bytes)
Event: 35.116 Thread 0x00007fef09814800  154             java.lang.StringBuilder::append (8 bytes)
Event: 35.120 Thread 0x00007fef09814800 nmethod 154 0x0000000102527fd0 code [0x0000000102528120, 0x0000000102528458]
Event: 35.120 Thread 0x00007fef09816000 nmethod 153 0x0000000102527950 code [0x0000000102527aa0, 0x0000000102527dd8]
Event: 35.126 Thread 0x00007fef09814800  155             com.mysql.jdbc.StringUtils::toAsciiString (43 bytes)
Event: 35.130 Thread 0x00007fef09814800 nmethod 155 0x0000000102527310 code [0x0000000102527460, 0x00000001025277d8]

GC Heap History (2 events):
Event: 2.574 GC heap before
{Heap before GC invocations=1 (full 0):
 PSYoungGen      total 38912K, used 33792K [0x00000007d5500000, 0x00000007d8000000, 0x0000000800000000)
  eden space 33792K, 100% used [0x00000007d5500000,0x00000007d7600000,0x00000007d7600000)
  from space 5120K, 0% used [0x00000007d7b00000,0x00000007d7b00000,0x00000007d8000000)
  to   space 5120K, 0% used [0x00000007d7600000,0x00000007d7600000,0x00000007d7b00000)
 ParOldGen       total 87040K, used 0K [0x0000000780000000, 0x0000000785500000, 0x00000007d5500000)
  object space 87040K, 0% used [0x0000000780000000,0x0000000780000000,0x0000000785500000)
 PSPermGen       total 21504K, used 9218K [0x000000077ae00000, 0x000000077c300000, 0x0000000780000000)
  object space 21504K, 42% used [0x000000077ae00000,0x000000077b7008e0,0x000000077c300000)
Event: 2.580 GC heap after
Heap after GC invocations=1 (full 0):
 PSYoungGen      total 38912K, used 4895K [0x00000007d5500000, 0x00000007d8000000, 0x0000000800000000)
  eden space 33792K, 0% used [0x00000007d5500000,0x00000007d5500000,0x00000007d7600000)
  from space 5120K, 95% used [0x00000007d7600000,0x00000007d7ac7c98,0x00000007d7b00000)
  to   space 5120K, 0% used [0x00000007d7b00000,0x00000007d7b00000,0x00000007d8000000)
 ParOldGen       total 87040K, used 22K [0x0000000780000000, 0x0000000785500000, 0x00000007d5500000)
  object space 87040K, 0% used [0x0000000780000000,0x0000000780005bd0,0x0000000785500000)
 PSPermGen       total 21504K, used 9218K [0x000000077ae00000, 0x000000077c300000, 0x0000000780000000)
  object space 21504K, 42% used [0x000000077ae00000,0x000000077b7008e0,0x000000077c300000)
}

Deoptimization events (10 events):
Event: 0.869 Thread 0x00007fef0b002000 Uncommon trap: reason=bimorphic action=maybe_recompile pc=0x00000001024f513c method=org.eclipse.swt.widgets.Composite._getChildren()[Lorg/eclipse/swt/widgets/Control; @ 1
Event: 0.966 Thread 0x00007fef0b002000 Uncommon trap: reason=class_check action=maybe_recompile pc=0x00000001024f05e8 method=org.eclipse.swt.widgets.Control.invalidateVisibleRegion()V @ 62
Event: 0.966 Thread 0x00007fef0b002000 Uncommon trap: reason=class_check action=maybe_recompile pc=0x00000001024f05e8 method=org.eclipse.swt.widgets.Control.invalidateVisibleRegion()V @ 62
Event: 0.966 Thread 0x00007fef0b002000 Uncommon trap: reason=class_check action=maybe_recompile pc=0x00000001024f05e8 method=org.eclipse.swt.widgets.Control.invalidateVisibleRegion()V @ 62
Event: 0.967 Thread 0x00007fef0b002000 Uncommon trap: reason=class_check action=maybe_recompile pc=0x00000001024f05e8 method=org.eclipse.swt.widgets.Control.invalidateVisibleRegion()V @ 62
Event: 0.978 Thread 0x00007fef0b002000 Uncommon trap: reason=unreached action=reinterpret pc=0x00000001024ed2d0 method=org.eclipse.swt.widgets.Display.LookupWidget(JJ)Lorg/eclipse/swt/widgets/Widget; @ 47
Event: 2.377 Thread 0x00007fef0b002000 Uncommon trap: reason=class_check action=maybe_recompile pc=0x00000001024cb9bc method=java.util.Properties$LineReader.readLine()I @ 62
Event: 2.378 Thread 0x00007fef0b002000 Uncommon trap: reason=class_check action=maybe_recompile pc=0x00000001024cb9bc method=java.util.Properties$LineReader.readLine()I @ 62
Event: 2.379 Thread 0x00007fef0b002000 Uncommon trap: reason=class_check action=maybe_recompile pc=0x00000001024cb9bc method=java.util.Properties$LineReader.readLine()I @ 62
Event: 2.381 Thread 0x00007fef0b002000 Uncommon trap: reason=class_check action=maybe_recompile pc=0x00000001024cb9bc method=java.util.Properties$LineReader.readLine()I @ 62

Internal exceptions (10 events):
Event: 2.607 Thread 0x00007fef0b002000 Threw 0x00000007d559b708 at /HUDSON/workspace/7u-2-build-macosx-x86_64/jdk7u79/2331/hotspot/src/share/vm/prims/jvm.cpp:1304
Event: 5.468 Thread 0x00007fef0b002000 Threw 0x00000007d584fe00 at /HUDSON/workspace/7u-2-build-macosx-x86_64/jdk7u79/2331/hotspot/src/share/vm/prims/jvm.cpp:1304
Event: 5.483 Thread 0x00007fef0b002000 Threw 0x00000007d589be38 at /HUDSON/workspace/7u-2-build-macosx-x86_64/jdk7u79/2331/hotspot/src/share/vm/prims/jvm.cpp:1304
Event: 23.422 Thread 0x00007fef0b002000 Threw 0x00000007d5e7f328 at /HUDSON/workspace/7u-2-build-macosx-x86_64/jdk7u79/2331/hotspot/src/share/vm/prims/jvm.cpp:1304
Event: 26.745 Thread 0x00007fef0b002000 Threw 0x00000007d6195d30 at /HUDSON/workspace/7u-2-build-macosx-x86_64/jdk7u79/2331/hotspot/src/share/vm/prims/jvm.cpp:1304
Event: 28.005 Thread 0x00007fef0b002000 Threw 0x00000007d61dc708 at /HUDSON/workspace/7u-2-build-macosx-x86_64/jdk7u79/2331/hotspot/src/share/vm/prims/jvm.cpp:1304
Event: 28.006 Thread 0x00007fef0b002000 Threw 0x00000007d61e4580 at /HUDSON/workspace/7u-2-build-macosx-x86_64/jdk7u79/2331/hotspot/src/share/vm/prims/jvm.cpp:1304
Event: 28.007 Thread 0x00007fef0b002000 Threw 0x00000007d61eb338 at /HUDSON/workspace/7u-2-build-macosx-x86_64/jdk7u79/2331/hotspot/src/share/vm/prims/jvm.cpp:1304
Event: 28.826 Thread 0x00007fef0b002000 Threw 0x00000007d61fc610 at /HUDSON/workspace/7u-2-build-macosx-x86_64/jdk7u79/2331/hotspot/src/share/vm/prims/jvm.cpp:1304
Event: 35.056 Thread 0x00007fef0b002000 Threw 0x00000007d62866e8 at /HUDSON/workspace/7u-2-build-macosx-x86_64/jdk7u79/2331/hotspot/src/share/vm/prims/jvm.cpp:1304

Events (10 events):
Event: 28.826 loading class 0x00007fef0942c5e0 done
Event: 35.056 loading class 0x00007fef09564ea0
Event: 35.056 loading class 0x00007fef09564ea0 done
Event: 35.132 loading class 0x00007fef0b11e000
Event: 35.132 loading class 0x00007fef0b11e030
Event: 35.132 loading class 0x00007fef0b11e030 done
Event: 35.132 loading class 0x00007fef0b11e000 done
Event: 35.132 Thread 0x00007fef0a9fc800 Thread added: 0x00007fef0a9fc800
Event: 35.132 Thread 0x00007fef0a9fc800 Thread exited: 0x00007fef0a9fc800
Event: 35.132 Executing VM operation: Exit


Dynamic libraries:
0x00000000213af000 	/System/Library/Frameworks/Cocoa.framework/Versions/A/Cocoa
0x00000000213af000 	/System/Library/Frameworks/Security.framework/Versions/A/Security
0x00000000213af000 	/System/Library/Frameworks/ApplicationServices.framework/Versions/A/ApplicationServices
0x00000000213af000 	/usr/lib/libz.1.dylib
0x00000000213af000 	/usr/lib/libSystem.B.dylib
0x00000000213af000 	/usr/lib/libobjc.A.dylib
0x00000000213af000 	/System/Library/Frameworks/CoreFoundation.framework/Versions/A/CoreFoundation
0x00000000213af000 	/System/Library/Frameworks/Foundation.framework/Versions/C/Foundation
0x00000000213af000 	/System/Library/Frameworks/AppKit.framework/Versions/C/AppKit
0x00000000213af000 	/System/Library/Frameworks/CoreData.framework/Versions/A/CoreData
0x00000000213af000 	/System/Library/PrivateFrameworks/RemoteViewServices.framework/Versions/A/RemoteViewServices
0x00000000213af000 	/System/Library/PrivateFrameworks/UIFoundation.framework/Versions/A/UIFoundation
0x00000000213af000 	/usr/lib/libenergytrace.dylib
0x00000000213af000 	/System/Library/PrivateFrameworks/SkyLight.framework/Versions/A/SkyLight
0x00000000213af000 	/System/Library/Frameworks/CoreGraphics.framework/Versions/A/CoreGraphics
0x00000000213af000 	/usr/lib/libScreenReader.dylib
0x00000000213af000 	/System/Library/Frameworks/Accelerate.framework/Versions/A/Accelerate
0x00000000213af000 	/System/Library/Frameworks/IOSurface.framework/Versions/A/IOSurface
0x00000000213af000 	/System/Library/Frameworks/AudioToolbox.framework/Versions/A/AudioToolbox
0x00000000213af000 	/System/Library/Frameworks/AudioUnit.framework/Versions/A/AudioUnit
0x00000000213af000 	/System/Library/PrivateFrameworks/DataDetectorsCore.framework/Versions/A/DataDetectorsCore
0x00000000213af000 	/System/Library/PrivateFrameworks/DesktopServicesPriv.framework/Versions/A/DesktopServicesPriv
0x00000000213af000 	/System/Library/Frameworks/Carbon.framework/Versions/A/Frameworks/HIToolbox.framework/Versions/A/HIToolbox
0x00000000213af000 	/usr/lib/libicucore.A.dylib
0x00000000213af000 	/System/Library/Frameworks/QuartzCore.framework/Versions/A/QuartzCore
0x00000000213af000 	/System/Library/Frameworks/Carbon.framework/Versions/A/Frameworks/SpeechRecognition.framework/Versions/A/SpeechRecognition
0x00000000213af000 	/usr/lib/libauto.dylib
0x00000000213af000 	/usr/lib/libxml2.2.dylib
0x00000000213af000 	/System/Library/PrivateFrameworks/CoreUI.framework/Versions/A/CoreUI
0x00000000213af000 	/System/Library/Frameworks/CoreAudio.framework/Versions/A/CoreAudio
0x00000000213af000 	/System/Library/Frameworks/DiskArbitration.framework/Versions/A/DiskArbitration
0x00000000213af000 	/usr/lib/liblangid.dylib
0x00000000213af000 	/System/Library/PrivateFrameworks/MultitouchSupport.framework/Versions/A/MultitouchSupport
0x00000000213af000 	/System/Library/Frameworks/IOKit.framework/Versions/A/IOKit
0x00000000213af000 	/usr/lib/libDiagnosticMessagesClient.dylib
0x00000000213af000 	/System/Library/Frameworks/CoreServices.framework/Versions/A/CoreServices
0x00000000213af000 	/System/Library/PrivateFrameworks/PerformanceAnalysis.framework/Versions/A/PerformanceAnalysis
0x00000000213af000 	/System/Library/PrivateFrameworks/GenerationalStorage.framework/Versions/A/GenerationalStorage
0x00000000213af000 	/System/Library/Frameworks/OpenGL.framework/Versions/A/OpenGL
0x00000000213af000 	/System/Library/Frameworks/CoreImage.framework/Versions/A/CoreImage
0x00000000213af000 	/System/Library/Frameworks/CoreText.framework/Versions/A/CoreText
0x00000000213af000 	/System/Library/Frameworks/ImageIO.framework/Versions/A/ImageIO
0x00000000213af000 	/System/Library/PrivateFrameworks/Backup.framework/Versions/A/Backup
0x00000000213af000 	/usr/lib/libarchive.2.dylib
0x00000000213af000 	/System/Library/Frameworks/CFNetwork.framework/Versions/A/CFNetwork
0x00000000213af000 	/System/Library/Frameworks/SystemConfiguration.framework/Versions/A/SystemConfiguration
0x00000000213af000 	/usr/lib/libCRFSuite.dylib
0x00000000213af000 	/usr/lib/libc++.1.dylib
0x00000000213af000 	/usr/lib/libc++abi.dylib
0x00000000213af000 	/usr/lib/system/libcache.dylib
0x00000000213af000 	/usr/lib/system/libcommonCrypto.dylib
0x00000000213af000 	/usr/lib/system/libcompiler_rt.dylib
0x00000000213af000 	/usr/lib/system/libcopyfile.dylib
0x00000000213af000 	/usr/lib/system/libcorecrypto.dylib
0x00000000213af000 	/usr/lib/system/libdispatch.dylib
0x00000000213af000 	/usr/lib/system/libdyld.dylib
0x00000000213af000 	/usr/lib/system/libkeymgr.dylib
0x00000000213af000 	/usr/lib/system/liblaunch.dylib
0x00000000213af000 	/usr/lib/system/libmacho.dylib
0x00000000213af000 	/usr/lib/system/libquarantine.dylib
0x00000000213af000 	/usr/lib/system/libremovefile.dylib
0x00000000213af000 	/usr/lib/system/libsystem_asl.dylib
0x00000000213af000 	/usr/lib/system/libsystem_blocks.dylib
0x00000000213af000 	/usr/lib/system/libsystem_c.dylib
0x00000000213af000 	/usr/lib/system/libsystem_configuration.dylib
0x00000000213af000 	/usr/lib/system/libsystem_coreservices.dylib
0x00000000213af000 	/usr/lib/system/libsystem_coretls.dylib
0x00000000213af000 	/usr/lib/system/libsystem_dnssd.dylib
0x00000000213af000 	/usr/lib/system/libsystem_info.dylib
0x00000000213af000 	/usr/lib/system/libsystem_kernel.dylib
0x00000000213af000 	/usr/lib/system/libsystem_m.dylib
0x00000000213af000 	/usr/lib/system/libsystem_malloc.dylib
0x00000000213af000 	/usr/lib/system/libsystem_network.dylib
0x00000000213af000 	/usr/lib/system/libsystem_networkextension.dylib
0x00000000213af000 	/usr/lib/system/libsystem_notify.dylib
0x00000000213af000 	/usr/lib/system/libsystem_platform.dylib
0x00000000213af000 	/usr/lib/system/libsystem_pthread.dylib
0x00000000213af000 	/usr/lib/system/libsystem_sandbox.dylib
0x00000000213af000 	/usr/lib/system/libsystem_secinit.dylib
0x00000000213af000 	/usr/lib/system/libsystem_symptoms.dylib
0x00000000213af000 	/usr/lib/system/libsystem_trace.dylib
0x00000000213af000 	/usr/lib/system/libunwind.dylib
0x00000000213af000 	/usr/lib/system/libxpc.dylib
0x00000000213af000 	/usr/lib/libbsm.0.dylib
0x00000000213af000 	/usr/lib/system/libkxld.dylib
0x00000000213af000 	/usr/lib/libcoretls.dylib
0x00000000213af000 	/usr/lib/libcoretls_cfhelpers.dylib
0x00000000213af000 	/usr/lib/libxar.1.dylib
0x00000000213af000 	/usr/lib/libsqlite3.dylib
0x00000000213af000 	/usr/lib/libpam.2.dylib
0x00000000213af000 	/usr/lib/libOpenScriptingUtil.dylib
0x00000000213af000 	/usr/lib/libbz2.1.0.dylib
0x00000000213af000 	/usr/lib/liblzma.5.dylib
0x00000000213af000 	/usr/lib/libnetwork.dylib
0x00000000213af000 	/usr/lib/libpcap.A.dylib
0x00000000213af000 	/System/Library/Frameworks/CoreServices.framework/Versions/A/Frameworks/FSEvents.framework/Versions/A/FSEvents
0x00000000213af000 	/System/Library/Frameworks/CoreServices.framework/Versions/A/Frameworks/CarbonCore.framework/Versions/A/CarbonCore
0x00000000213af000 	/System/Library/Frameworks/CoreServices.framework/Versions/A/Frameworks/Metadata.framework/Versions/A/Metadata
0x00000000213af000 	/System/Library/Frameworks/CoreServices.framework/Versions/A/Frameworks/OSServices.framework/Versions/A/OSServices
0x00000000213af000 	/System/Library/Frameworks/CoreServices.framework/Versions/A/Frameworks/SearchKit.framework/Versions/A/SearchKit
0x00000000213af000 	/System/Library/Frameworks/CoreServices.framework/Versions/A/Frameworks/AE.framework/Versions/A/AE
0x00000000213af000 	/System/Library/Frameworks/CoreServices.framework/Versions/A/Frameworks/LaunchServices.framework/Versions/A/LaunchServices
0x00000000213af000 	/System/Library/Frameworks/CoreServices.framework/Versions/A/Frameworks/DictionaryServices.framework/Versions/A/DictionaryServices
0x00000000213af000 	/System/Library/Frameworks/CoreServices.framework/Versions/A/Frameworks/SharedFileList.framework/Versions/A/SharedFileList
0x00000000213af000 	/System/Library/Frameworks/NetFS.framework/Versions/A/NetFS
0x00000000213af000 	/System/Library/PrivateFrameworks/NetAuth.framework/Versions/A/NetAuth
0x00000000213af000 	/System/Library/PrivateFrameworks/login.framework/Versions/A/Frameworks/loginsupport.framework/Versions/A/loginsupport
0x00000000213af000 	/System/Library/PrivateFrameworks/TCC.framework/Versions/A/TCC
0x00000000213af000 	/usr/lib/libmecabra.dylib
0x00000000213af000 	/System/Library/Frameworks/ApplicationServices.framework/Versions/A/Frameworks/ATS.framework/Versions/A/ATS
0x00000000213af000 	/System/Library/Frameworks/ApplicationServices.framework/Versions/A/Frameworks/ColorSync.framework/Versions/A/ColorSync
0x00000000213af000 	/System/Library/Frameworks/ApplicationServices.framework/Versions/A/Frameworks/HIServices.framework/Versions/A/HIServices
0x00000000213af000 	/System/Library/Frameworks/ApplicationServices.framework/Versions/A/Frameworks/LangAnalysis.framework/Versions/A/LangAnalysis
0x00000000213af000 	/System/Library/Frameworks/ApplicationServices.framework/Versions/A/Frameworks/PrintCore.framework/Versions/A/PrintCore
0x00000000213af000 	/System/Library/Frameworks/ApplicationServices.framework/Versions/A/Frameworks/QD.framework/Versions/A/QD
0x00000000213af000 	/System/Library/Frameworks/ApplicationServices.framework/Versions/A/Frameworks/SpeechSynthesis.framework/Versions/A/SpeechSynthesis
0x00000000213af000 	/System/Library/Frameworks/Accelerate.framework/Versions/A/Frameworks/vImage.framework/Versions/A/vImage
0x00000000213af000 	/System/Library/Frameworks/Accelerate.framework/Versions/A/Frameworks/vecLib.framework/Versions/A/vecLib
0x00000000213af000 	/System/Library/Frameworks/Accelerate.framework/Versions/A/Frameworks/vecLib.framework/Versions/A/libvDSP.dylib
0x00000000213af000 	/System/Library/Frameworks/Accelerate.framework/Versions/A/Frameworks/vecLib.framework/Versions/A/libBNNS.dylib
0x00000000213af000 	/System/Library/Frameworks/Accelerate.framework/Versions/A/Frameworks/vecLib.framework/Versions/A/libQuadrature.dylib
0x00000000213af000 	/System/Library/Frameworks/Accelerate.framework/Versions/A/Frameworks/vecLib.framework/Versions/A/libvMisc.dylib
0x00000000213af000 	/System/Library/Frameworks/Accelerate.framework/Versions/A/Frameworks/vecLib.framework/Versions/A/libLAPACK.dylib
0x00000000213af000 	/System/Library/Frameworks/Accelerate.framework/Versions/A/Frameworks/vecLib.framework/Versions/A/libBLAS.dylib
0x00000000213af000 	/System/Library/Frameworks/Accelerate.framework/Versions/A/Frameworks/vecLib.framework/Versions/A/libLinearAlgebra.dylib
0x00000000213af000 	/System/Library/Frameworks/Accelerate.framework/Versions/A/Frameworks/vecLib.framework/Versions/A/libSparseBLAS.dylib
0x00000000213af000 	/System/Library/Frameworks/ApplicationServices.framework/Versions/A/Frameworks/ATS.framework/Versions/A/Resources/libFontParser.dylib
0x00000000213af000 	/System/Library/Frameworks/ApplicationServices.framework/Versions/A/Frameworks/ATS.framework/Versions/A/Resources/libFontRegistry.dylib
0x00000000213af000 	/System/Library/Frameworks/ImageIO.framework/Versions/A/Resources/libJPEG.dylib
0x00000000213af000 	/System/Library/Frameworks/ImageIO.framework/Versions/A/Resources/libTIFF.dylib
0x00000000213af000 	/System/Library/Frameworks/ImageIO.framework/Versions/A/Resources/libPng.dylib
0x00000000213af000 	/System/Library/Frameworks/ImageIO.framework/Versions/A/Resources/libGIF.dylib
0x00000000213af000 	/System/Library/Frameworks/ImageIO.framework/Versions/A/Resources/libJP2.dylib
0x00000000213af000 	/System/Library/Frameworks/ImageIO.framework/Versions/A/Resources/libRadiance.dylib
0x00000000213af000 	/usr/lib/libcompression.dylib
0x00000000213af000 	/System/Library/PrivateFrameworks/AppleJPEG.framework/Versions/A/AppleJPEG
0x00000000213af000 	/usr/lib/libcups.2.dylib
0x00000000213af000 	/System/Library/Frameworks/Kerberos.framework/Versions/A/Kerberos
0x00000000213af000 	/System/Library/Frameworks/GSS.framework/Versions/A/GSS
0x00000000213af000 	/usr/lib/libresolv.9.dylib
0x00000000213af000 	/usr/lib/libiconv.2.dylib
0x00000000213af000 	/System/Library/PrivateFrameworks/Heimdal.framework/Versions/A/Heimdal
0x00000000213af000 	/usr/lib/libheimdal-asn1.dylib
0x00000000213af000 	/System/Library/Frameworks/OpenDirectory.framework/Versions/A/OpenDirectory
0x00000000213af000 	/System/Library/PrivateFrameworks/CommonAuth.framework/Versions/A/CommonAuth
0x00000000213af000 	/System/Library/Frameworks/OpenDirectory.framework/Versions/A/Frameworks/CFOpenDirectory.framework/Versions/A/CFOpenDirectory
0x00000000213af000 	/System/Library/Frameworks/SecurityFoundation.framework/Versions/A/SecurityFoundation
0x00000000213af000 	/System/Library/PrivateFrameworks/LanguageModeling.framework/Versions/A/LanguageModeling
0x00000000213af000 	/usr/lib/libmarisa.dylib
0x00000000213af000 	/usr/lib/libChineseTokenizer.dylib
0x00000000213af000 	/usr/lib/libcmph.dylib
0x00000000213af000 	/System/Library/PrivateFrameworks/CoreEmoji.framework/Versions/A/CoreEmoji
0x00000000213af000 	/System/Library/Frameworks/ServiceManagement.framework/Versions/A/ServiceManagement
0x00000000213af000 	/usr/lib/libxslt.1.dylib
0x00000000213af000 	/System/Library/Frameworks/Carbon.framework/Versions/A/Frameworks/Ink.framework/Versions/A/Ink
0x00000000213af000 	/System/Library/PrivateFrameworks/TextureIO.framework/Versions/A/TextureIO
0x00000000213af000 	/System/Library/Frameworks/Metal.framework/Versions/A/Metal
0x00000000213af000 	/usr/lib/libate.dylib
0x00000000213af000 	/System/Library/PrivateFrameworks/GPUCompiler.framework/libmetal_timestamp.dylib
0x00000000213af000 	/System/Library/Frameworks/OpenGL.framework/Versions/A/Libraries/libCoreFSCache.dylib
0x00000000213af000 	/System/Library/PrivateFrameworks/IOAccelerator.framework/Versions/A/IOAccelerator
0x00000000213af000 	/System/Library/Frameworks/CoreVideo.framework/Versions/A/CoreVideo
0x00000000213af000 	/usr/lib/libFosl_dynamic.dylib
0x00000000213af000 	/System/Library/PrivateFrameworks/MetalPerformanceShaders.framework/Versions/A/MetalPerformanceShaders
0x00000000213af000 	/System/Library/PrivateFrameworks/FaceCore.framework/Versions/A/FaceCore
0x00000000213af000 	/System/Library/Frameworks/OpenCL.framework/Versions/A/OpenCL
0x00000000213af000 	/System/Library/Frameworks/OpenGL.framework/Versions/A/Libraries/libGLU.dylib
0x00000000213af000 	/System/Library/Frameworks/OpenGL.framework/Versions/A/Libraries/libGFXShared.dylib
0x00000000213af000 	/System/Library/Frameworks/OpenGL.framework/Versions/A/Libraries/libGL.dylib
0x00000000213af000 	/System/Library/Frameworks/OpenGL.framework/Versions/A/Libraries/libGLImage.dylib
0x00000000213af000 	/System/Library/Frameworks/OpenGL.framework/Versions/A/Libraries/libCVMSPluginSupport.dylib
0x00000000213af000 	/System/Library/Frameworks/OpenGL.framework/Versions/A/Libraries/libCoreVMClient.dylib
0x00000000213af000 	/System/Library/PrivateFrameworks/CrashReporterSupport.framework/Versions/A/CrashReporterSupport
0x00000000213af000 	/System/Library/PrivateFrameworks/Sharing.framework/Versions/A/Sharing
0x00000000213af000 	/System/Library/PrivateFrameworks/IconServices.framework/Versions/A/IconServices
0x00000000213af000 	/System/Library/PrivateFrameworks/ProtocolBuffer.framework/Versions/A/ProtocolBuffer
0x00000000213af000 	/System/Library/PrivateFrameworks/Apple80211.framework/Versions/A/Apple80211
0x00000000213af000 	/System/Library/Frameworks/CoreWLAN.framework/Versions/A/CoreWLAN
0x00000000213af000 	/System/Library/PrivateFrameworks/CoreUtils.framework/Versions/A/CoreUtils
0x00000000213af000 	/System/Library/Frameworks/IOBluetooth.framework/Versions/A/IOBluetooth
0x00000000213af000 	/System/Library/PrivateFrameworks/CoreWiFi.framework/Versions/A/CoreWiFi
0x00000000213af000 	/System/Library/Frameworks/CoreBluetooth.framework/Versions/A/CoreBluetooth
0x00000000213af000 	/System/Library/Frameworks/CoreDisplay.framework/Versions/A/CoreDisplay
0x00000000213af000 	/System/Library/PrivateFrameworks/IOPresentment.framework/Versions/A/IOPresentment
0x00000000213af000 	/System/Library/PrivateFrameworks/DebugSymbols.framework/Versions/A/DebugSymbols
0x00000000213af000 	/System/Library/PrivateFrameworks/CoreSymbolication.framework/Versions/A/CoreSymbolication
0x00000000213af000 	/System/Library/PrivateFrameworks/Symbolication.framework/Versions/A/Symbolication
0x00000000213af000 	/System/Library/PrivateFrameworks/AppleFSCompression.framework/Versions/A/AppleFSCompression
0x00000000213af000 	/System/Library/PrivateFrameworks/SpeechRecognitionCore.framework/Versions/A/SpeechRecognitionCore
0x00000000213af000 	/System/Library/PrivateFrameworks/ChunkingLibrary.framework/Versions/A/ChunkingLibrary
0x0000000101a00000 	/Library/Java/JavaVirtualMachines/jdk1.7.0_79.jdk/Contents/Home/jre/lib/server/libjvm.dylib
0x00000000213af000 	/usr/lib/libstdc++.6.dylib
0x0000000101088000 	/Library/Java/JavaVirtualMachines/jdk1.7.0_79.jdk/Contents/Home/jre/lib/libverify.dylib
0x0000000101095000 	/Library/Java/JavaVirtualMachines/jdk1.7.0_79.jdk/Contents/Home/jre/lib/libjava.dylib
0x00000001010ce000 	/Library/Java/JavaVirtualMachines/jdk1.7.0_79.jdk/Contents/Home/jre/lib/libzip.dylib
0x000000010b54d000 	/System/Library/Frameworks/JavaVM.framework/Frameworks/JavaRuntimeSupport.framework/JavaRuntimeSupport
0x00000001011eb000 	/System/Library/Frameworks/JavaVM.framework/Versions/A/Frameworks/JavaNativeFoundation.framework/Versions/A/JavaNativeFoundation
0x000000010a72b000 	/System/Library/Frameworks/JavaVM.framework/Versions/A/JavaVM
0x00000000213af000 	/System/Library/Frameworks/Carbon.framework/Versions/A/Carbon
0x000000010b567000 	/System/Library/PrivateFrameworks/JavaLaunching.framework/Versions/A/JavaLaunching
0x00000000213af000 	/System/Library/Frameworks/Carbon.framework/Versions/A/Frameworks/CommonPanels.framework/Versions/A/CommonPanels
0x00000000213af000 	/System/Library/Frameworks/Carbon.framework/Versions/A/Frameworks/Help.framework/Versions/A/Help
0x00000000213af000 	/System/Library/Frameworks/Carbon.framework/Versions/A/Frameworks/ImageCapture.framework/Versions/A/ImageCapture
0x00000000213af000 	/System/Library/Frameworks/Carbon.framework/Versions/A/Frameworks/OpenScripting.framework/Versions/A/OpenScripting
0x00000000213af000 	/System/Library/Frameworks/Carbon.framework/Versions/A/Frameworks/Print.framework/Versions/A/Print
0x00000000213af000 	/System/Library/Frameworks/Carbon.framework/Versions/A/Frameworks/SecurityHI.framework/Versions/A/SecurityHI
0x000000010d0d6000 	/Users/michaelschafferer/.swt/lib/macosx/x86_64/libswt-cocoa-4530.jnilib
0x00000000213af000 	/System/Library/Frameworks/WebKit.framework/Versions/A/WebKit
0x00000000213af000 	/System/Library/Frameworks/JavaScriptCore.framework/Versions/A/JavaScriptCore
0x00000000213af000 	/System/Library/Frameworks/SecurityInterface.framework/Versions/A/SecurityInterface
0x00000000213af000 	/System/Library/Frameworks/WebKit.framework/Versions/A/Frameworks/WebKitLegacy.framework/Versions/A/WebKitLegacy
0x00000000213af000 	/System/Library/Frameworks/WebKit.framework/Versions/A/Frameworks/WebCore.framework/Versions/A/WebCore
0x000000010d1a3000 	/Users/michaelschafferer/.swt/lib/macosx/x86_64/libswt-pi-cocoa-4530.jnilib
0x00000000213af000 	/System/Library/PrivateFrameworks/CoreServicesInternal.framework/Versions/A/CoreServicesInternal
0x00000000213af000 	/System/Library/Frameworks/Accelerate.framework/Versions/A/Frameworks/vImage.framework/Versions/A/Libraries/libCGInterfaces.dylib
0x00000000213af000 	/System/Library/Frameworks/ApplicationServices.framework/Versions/A/Frameworks/ATS.framework/Versions/A/Resources/libTrueTypeScaler.dylib
0x00000000213af000 	/System/Library/PrivateFrameworks/CloudDocs.framework/Versions/A/CloudDocs
0x00000000213af000 	/System/Library/Frameworks/CloudKit.framework/Versions/A/CloudKit
0x00000000213af000 	/System/Library/PrivateFrameworks/MMCS.framework/Versions/A/MMCS
0x00000000213af000 	/System/Library/Frameworks/CoreLocation.framework/Versions/A/CoreLocation
0x00000000213af000 	/System/Library/PrivateFrameworks/ProtectedCloudStorage.framework/Versions/A/ProtectedCloudStorage
0x00000000213af000 	/System/Library/PrivateFrameworks/AssetCacheServices.framework/Versions/A/AssetCacheServices
0x00000000213af000 	/System/Library/PrivateFrameworks/GeoServices.framework/Versions/A/GeoServices
0x000000010d505000 	/System/Library/PrivateFrameworks/CoreNLP.framework/Versions/A/CoreNLP
0x00000000213af000 	/System/Library/PrivateFrameworks/FamilyControls.framework/Versions/A/FamilyControls
0x00000000213af000 	/System/Library/PrivateFrameworks/CommerceKit.framework/Versions/A/Frameworks/CommerceCore.framework/Versions/A/CommerceCore
0x00000000213af000 	/System/Library/PrivateFrameworks/SystemAdministration.framework/Versions/A/SystemAdministration
0x00000000213af000 	/System/Library/PrivateFrameworks/AppContainer.framework/Versions/A/AppContainer
0x00000000213af000 	/System/Library/PrivateFrameworks/SecCodeWrapper.framework/Versions/A/SecCodeWrapper
0x00000000213af000 	/System/Library/Frameworks/DirectoryService.framework/Versions/A/DirectoryService
0x00000000213af000 	/System/Library/PrivateFrameworks/DiskImages.framework/Versions/A/DiskImages
0x00000000213af000 	/System/Library/PrivateFrameworks/LoginUIKit.framework/Versions/A/Frameworks/LoginUICore.framework/Versions/A/LoginUICore
0x00000000213af000 	/usr/lib/libCoreStorage.dylib
0x00000000213af000 	/usr/lib/libcsfde.dylib
0x00000000213af000 	/usr/lib/libodfde.dylib
0x00000000213af000 	/System/Library/Frameworks/DiscRecording.framework/Versions/A/DiscRecording
0x00000000213af000 	/usr/lib/libcurl.4.dylib
0x00000000213af000 	/System/Library/PrivateFrameworks/MediaKit.framework/Versions/A/MediaKit
0x00000000213af000 	/System/Library/PrivateFrameworks/EFILogin.framework/Versions/A/EFILogin
0x00000000213af000 	/usr/lib/libutil.dylib
0x00000000213af000 	/System/Library/Frameworks/LDAP.framework/Versions/A/LDAP
0x00000000213af000 	/usr/lib/libsasl2.2.dylib
0x00000000213af000 	/System/Library/PrivateFrameworks/CoreDaemon.framework/Versions/B/CoreDaemon
0x00000000213af000 	/System/Library/PrivateFrameworks/AppleSRP.framework/Versions/A/AppleSRP
0x00000000213af000 	/System/Library/PrivateFrameworks/APFS.framework/Versions/A/APFS
0x00000000213af000 	/System/Library/Frameworks/OpenGL.framework/Versions/A/Resources/GLEngine.bundle/GLEngine
0x00000000213af000 	/System/Library/Frameworks/OpenGL.framework/Versions/A/Libraries/libGLProgrammability.dylib
0x0000000111a47000 	/System/Library/Extensions/AppleIntelHD4000GraphicsGLDriver.bundle/Contents/MacOS/AppleIntelHD4000GraphicsGLDriver
0x00000000213af000 	/System/Library/PrivateFrameworks/GPUSupport.framework/Versions/A/Libraries/libGPUSupportMercury.dylib
0x00000000213af000 	/System/Library/Frameworks/OpenGL.framework/Versions/A/Resources/GLRendererFloat.bundle/GLRendererFloat
0x00000000213af000 	/System/Library/Frameworks/OpenCL.framework/Versions/A/Libraries/libcldcpuengine.dylib
0x00000000213af000 	/usr/lib/libcrypto.0.9.8.dylib
0x00000000213af000 	/System/Library/PrivateFrameworks/TrustEvaluationAgent.framework/Versions/A/TrustEvaluationAgent
0x000000011210c000 	/System/Library/Extensions/AppleIntelHD4000GraphicsMTLDriver.bundle/Contents/MacOS/AppleIntelHD4000GraphicsMTLDriver
0x00000000213af000 	/System/Library/PrivateFrameworks/ViewBridge.framework/Versions/A/ViewBridge
0x00000000213af000 	/System/Library/PrivateFrameworks/XPCService.framework/Versions/A/XPCService
0x00000000213af000 	/System/Library/PrivateFrameworks/AppSandbox.framework/Versions/A/AppSandbox
0x00000000213af000 	/usr/lib/libsandbox.1.dylib
0x00000000213af000 	/usr/lib/libMatch.1.dylib
0x000000010cf4c000 	/Library/Java/JavaVirtualMachines/jdk1.7.0_79.jdk/Contents/Home/jre/lib/libnio.dylib
0x000000010d05c000 	/Library/Java/JavaVirtualMachines/jdk1.7.0_79.jdk/Contents/Home/jre/lib/./libnet.dylib
0x00000000213af000 	/System/Library/PrivateFrameworks/Shortcut.framework/Versions/A/Shortcut
0x00000000213af000 	/System/Library/PrivateFrameworks/HelpData.framework/Versions/A/HelpData
0x00000000213af000 	/System/Library/PrivateFrameworks/FinderKit.framework/Versions/A/FinderKit
0x00000000213af000 	/System/Library/Frameworks/Quartz.framework/Versions/A/Frameworks/QuickLookUI.framework/Versions/A/QuickLookUI
0x00000000213af000 	/System/Library/Frameworks/Quartz.framework/Versions/A/Frameworks/ImageKit.framework/Versions/A/ImageKit
0x00000000213af000 	/System/Library/PrivateFrameworks/Bom.framework/Versions/A/Bom
0x00000000213af000 	/System/Library/Frameworks/QuickLook.framework/Versions/A/QuickLook
0x00000000213af000 	/System/Library/PrivateFrameworks/Suggestions.framework/Versions/A/Suggestions
0x00000000213af000 	/System/Library/PrivateFrameworks/AppleSystemInfo.framework/Versions/A/AppleSystemInfo
0x00000000213af000 	/System/Library/Frameworks/ImageCaptureCore.framework/Versions/A/ImageCaptureCore
0x00000000213af000 	/System/Library/Frameworks/SafariServices.framework/Versions/A/SafariServices
0x00000000213af000 	/System/Library/Frameworks/QTKit.framework/Versions/A/QTKit
0x00000000213af000 	/System/Library/PrivateFrameworks/MobileKeyBag.framework/Versions/A/MobileKeyBag
0x00000000213af000 	/System/Library/Frameworks/AVFoundation.framework/Versions/A/AVFoundation
0x00000000213af000 	/System/Library/Frameworks/CoreMedia.framework/Versions/A/CoreMedia
0x00000000213af000 	/System/Library/Frameworks/MediaToolbox.framework/Versions/A/MediaToolbox
0x00000000213af000 	/System/Library/Frameworks/VideoToolbox.framework/Versions/A/VideoToolbox
0x00000000213af000 	/System/Library/PrivateFrameworks/CoreMediaAuthoring.framework/Versions/A/CoreMediaAuthoring
0x00000000213af000 	/System/Library/Frameworks/CoreMediaIO.framework/Versions/A/CoreMediaIO
0x00000000213af000 	/System/Library/Frameworks/AVFoundation.framework/Versions/A/Frameworks/AVFAudio.framework/Versions/A/AVFAudio
0x00000000213af000 	/System/Library/PrivateFrameworks/IntlPreferences.framework/Versions/A/IntlPreferences
0x00000000213af000 	/usr/lib/libspindump.dylib
0x00000000213af000 	/usr/lib/libdscsym.dylib
0x00000000213af000 	/System/Library/PrivateFrameworks/CoreAVCHD.framework/Versions/A/CoreAVCHD
0x00000000213af000 	/System/Library/Frameworks/MediaAccessibility.framework/Versions/A/MediaAccessibility
0x00000000213af000 	/System/Library/PrivateFrameworks/Mangrove.framework/Versions/A/Mangrove
0x00000000213af000 	/System/Library/PrivateFrameworks/CoreAUC.framework/Versions/A/CoreAUC
0x00000000213af000 	/System/Library/PrivateFrameworks/AppleVA.framework/Versions/A/AppleVA
0x00000000213af000 	/System/Library/PrivateFrameworks/QuickLookThumbnailing.framework/Versions/A/QuickLookThumbnailing
0x00000000213af000 	/System/Library/PrivateFrameworks/DisplayServices.framework/Versions/A/DisplayServices
0x00000000213af000 	/System/Library/Frameworks/Quartz.framework/Versions/A/Frameworks/PDFKit.framework/Versions/A/PDFKit
0x00000000213af000 	/System/Library/Frameworks/Quartz.framework/Versions/A/Frameworks/QuartzComposer.framework/Versions/A/QuartzComposer
0x00000000213af000 	/System/Library/Frameworks/Quartz.framework/Versions/A/Frameworks/QuartzFilters.framework/Versions/A/QuartzFilters
0x00000000213af000 	/System/Library/PrivateFrameworks/CorePDF.framework/Versions/A/CorePDF
0x00000000213af000 	/System/Library/Frameworks/AddressBook.framework/Versions/A/AddressBook
0x00000000213af000 	/System/Library/PrivateFrameworks/ContactsPersistence.framework/Versions/A/ContactsPersistence
0x00000000213af000 	/System/Library/PrivateFrameworks/CalendarAgentLink.framework/Versions/A/CalendarAgentLink
0x00000000213af000 	/System/Library/PrivateFrameworks/ContactsFoundation.framework/Versions/A/ContactsFoundation
0x00000000213af000 	/System/Library/PrivateFrameworks/vCard.framework/Versions/A/vCard
0x00000000213af000 	/System/Library/PrivateFrameworks/ToneLibrary.framework/Versions/A/ToneLibrary
0x00000000213af000 	/System/Library/PrivateFrameworks/ToneKit.framework/Versions/A/ToneKit
0x00000000213af000 	/System/Library/PrivateFrameworks/ApplePushService.framework/Versions/A/ApplePushService
0x00000000213af000 	/System/Library/PrivateFrameworks/PhoneNumbers.framework/Versions/A/PhoneNumbers
0x00000000213af000 	/System/Library/Frameworks/Quartz.framework/Versions/A/Quartz
0x00000000213af000 	/System/Library/Frameworks/Accounts.framework/Versions/A/Accounts
0x00000000213af000 	/System/Library/PrivateFrameworks/OAuth.framework/Versions/A/OAuth
0x00000000213af000 	/System/Library/PrivateFrameworks/CacheDelete.framework/Versions/A/CacheDelete
0x00000000213af000 	/System/Library/PrivateFrameworks/PlugInKit.framework/Versions/A/PlugInKit
0x00000000213af000 	/System/Library/CoreServices/RawCamera.bundle/Contents/MacOS/RawCamera
0x000000011724a000 	/usr/lib/libgermantok.dylib

VM Arguments:
jvm_args: -Dfile.encoding=UTF-8 
java_command: UserInterface.Main
Launcher Type: SUN_STANDARD

Environment Variables:
PATH=/usr/bin:/bin:/usr/sbin:/sbin
SHELL=/bin/bash

Signal Handlers:
SIGSEGV: [libjvm.dylib+0x52daf1], sa_mask[0]=0xfffefeff, sa_flags=0x00000043
SIGBUS: [libjvm.dylib+0x52daf1], sa_mask[0]=0xfffefeff, sa_flags=0x00000042
SIGFPE: [libjvm.dylib+0x41f34e], sa_mask[0]=0xfffefeff, sa_flags=0x00000042
SIGPIPE: [libjvm.dylib+0x41f34e], sa_mask[0]=0xfffefeff, sa_flags=0x00000042
SIGXFSZ: [libjvm.dylib+0x41f34e], sa_mask[0]=0xfffefeff, sa_flags=0x00000042
SIGILL: [libjvm.dylib+0x41f34e], sa_mask[0]=0xfffefeff, sa_flags=0x00000042
SIGUSR1: SIG_DFL, sa_mask[0]=0x00000000, sa_flags=0x00000000
SIGUSR2: [libjvm.dylib+0x41ee40], sa_mask[0]=0x00000004, sa_flags=0x00000042
SIGHUP: [libjvm.dylib+0x41d0d1], sa_mask[0]=0xfffefeff, sa_flags=0x00000042
SIGINT: [libjvm.dylib+0x41d0d1], sa_mask[0]=0xfffefeff, sa_flags=0x00000042
SIGTERM: [libjvm.dylib+0x41d0d1], sa_mask[0]=0xfffefeff, sa_flags=0x00000042
SIGQUIT: [libjvm.dylib+0x41d0d1], sa_mask[0]=0xfffefeff, sa_flags=0x00000042


---------------  S Y S T E M  ---------------

OS:Bsduname:Darwin 16.0.0 Darwin Kernel Version 16.0.0: Mon Aug 29 17:56:20 PDT 2016; root:xnu-3789.1.32~3/RELEASE_X86_64 x86_64
rlimit: STACK 8192k, CORE 0k, NPROC 709, NOFILE 10240, AS infinity
load average:1.43 1.56 1.62

CPU:total 4 (2 cores per cpu, 2 threads per core) family 6 model 58 stepping 9, cmov, cx8, fxsr, mmx, sse, sse2, sse3, ssse3, sse4.1, sse4.2, popcnt, avx, aes, erms, ht, tsc, tscinvbit, tscinv

Memory: 4k page, physical 8388608k(2097152k free)

/proc/meminfo:


vm_info: Java HotSpot(TM) 64-Bit Server VM (24.79-b02) for bsd-amd64 JRE (1.7.0_79-b15), built on Apr 10 2015 11:35:04 by "java_re" with gcc 4.2.1 (Based on Apple Inc. build 5658) (LLVM build 2336.11.00)

time: Mon Nov 28 11:47:41 2016
elapsed time: 35 seconds

