#
# A fatal error has been detected by the Java Runtime Environment:
#
#  SIGSEGV (0xb) at pc=0x0000000115667ce9, pid=2849, tid=11267
#
# JRE version: Java(TM) SE Runtime Environment (7.0_79-b15) (build 1.7.0_79-b15)
# Java VM: Java HotSpot(TM) 64-Bit Server VM (24.79-b02 mixed mode bsd-amd64 compressed oops)
# Problematic frame:
# C  [libswt-cocoa-4530.jnilib+0x25ce9]  callback+0x297
#
# Failed to write core dump. Core dumps have been disabled. To enable core dumping, try "ulimit -c unlimited" before starting Java again
#
# If you would like to submit a bug report, please visit:
#   http://bugreport.java.com/bugreport/crash.jsp
#

---------------  T H R E A D  ---------------

Current thread (0x00007fb70a82a000):  VMThread [stack: 0x00007000071bb000,0x00007000072bb000] [id=11267]

siginfo:si_signo=SIGSEGV: si_errno=0, si_code=1 (SEGV_MAPERR), si_addr=0x0000000000000078

Registers:
RAX=0x0000000000000000, RBX=0x00007fb70e0e3910, RCX=0x00007000072ba754, RDX=0x0000000000000001
RSP=0x00007000072ba780, RBP=0x00007000072ba8b0, RSI=0x0000000000000000, RDI=0x0000000000000000
R8 =0x0000000000000001, R9 =0x00007fb70cae44d0, R10=0x00007fb70a5355b0, R11=0x00007fb70a9f7050
R12=0x00007fffaaef4b40, R13=0x00007fffaaef4b40, R14=0x0000000000000000, R15=0x0000000000000000
RIP=0x0000000115667ce9, EFLAGS=0x0000000000010206, ERR=0x0000000000000004
  TRAPNO=0x000000000000000e

Top of Stack: (sp=0x00007000072ba780)
0x00007000072ba780:   0000000115667adb 00007fffb43782f0
0x00007000072ba790:   0000000000000002 00000000b0a5e9f0
0x00007000072ba7a0:   00007fff94ee20d4 00007fff944dd27a
0x00007000072ba7b0:   00007fffb095edd0 00007fb70a82a1e8
0x00007000072ba7c0:   00007fb70a4231c8 00007fb70a5068b8
0x00007000072ba7d0:   0000000200012c03 0000000000000000
0x00007000072ba7e0:   00007000072ba840 00007fff00000000
0x00007000072ba7f0:   00007fffb4431480 ffff8048f312e740
0x00007000072ba800:   00007fb70e0e3d60 00007fb70a5381b0
0x00007000072ba810:   00007fff94ee78e5 0000000000000000
0x00007000072ba820:   0000000000000001 00007fb70cae44d0
0x00007000072ba830:   00000000000000f8 00007fff94edb407
0x00007000072ba840:   00007000072ba910 00007fffaaef55d4
0x00007000072ba850:   00007fb70cae44d0 0000000000000001
0x00007000072ba860:   0000000000000000 0000000000000000
0x00007000072ba870:   00007fff94ee20d4 00007fb70e0e3910
0x00007000072ba880:   00007fb70e768dd0 00007fb70ced18c0
0x00007000072ba890:   0000000000000000 0000000000000000
0x00007000072ba8a0:   0000000000000000 0000000000000000
0x00007000072ba8b0:   00007000072ba8d0 000000011564625e
0x00007000072ba8c0:   00007fff94ee78e5 00007fb70a5381b0
0x00007000072ba8d0:   00007000072ba910 00007fff944dd2f0
0x00007000072ba8e0:   00007fb70a50d3f0 00007fb70a50d540
0x00007000072ba8f0:   00007000072ba9a0 0000000000000000
0x00007000072ba900:   00000000000000f8 00007fff94edb407
0x00007000072ba910:   00007000072ba970 00007fff9463a2e8
0x00007000072ba920:   00007fb70a515880 00007fb70a515880
0x00007000072ba930:   00007000072ba940 0000000000000000
0x00007000072ba940:   00007000072ba950 00007fb70e0e3910
0x00007000072ba950:   00007fff94ee3d54 00007fffaaef4b40
0x00007000072ba960:   00007fff94ed9b7e 0000000000000000
0x00007000072ba970:   00007000072ba9f0 00007fff9463a090 

Instructions: (pc=0x0000000115667ce9)
0x0000000115667cc9:   ff ff 01 00 00 00 48 8b 85 08 ff ff ff 48 85 c0
0x0000000115667cd9:   0f 84 9f 03 00 00 48 8b 85 08 ff ff ff 48 8b 00
0x0000000115667ce9:   48 8b 40 78 48 8b bd 08 ff ff ff ff d0 48 89 85
0x0000000115667cf9:   30 ff ff ff 48 83 bd 30 ff ff ff 00 74 26 48 8b 

Register to memory mapping:

RAX=0x0000000000000000 is an unknown value
RBX=0x00007fb70e0e3910 is an unknown value
RCX=0x00007000072ba754 is an unknown value
RDX=0x0000000000000001 is an unknown value
RSP=0x00007000072ba780 is an unknown value
RBP=0x00007000072ba8b0 is an unknown value
RSI=0x0000000000000000 is an unknown value
RDI=0x0000000000000000 is an unknown value
R8 =0x0000000000000001 is an unknown value
R9 =0x00007fb70cae44d0 is an unknown value
R10=0x00007fb70a5355b0 is an unknown value
R11=0x00007fb70a9f7050 is an unknown value
R12=0x00007fffaaef4b40: objc_msgSend+0 in /usr/lib/libobjc.A.dylib at 0x00007fffaaeee000
R13=0x00007fffaaef4b40: objc_msgSend+0 in /usr/lib/libobjc.A.dylib at 0x00007fffaaeee000
R14=0x0000000000000000 is an unknown value
R15=0x0000000000000000 is an unknown value


Stack: [0x00007000071bb000,0x00007000072bb000],  sp=0x00007000072ba780,  free space=1021k
Native frames: (J=compiled Java code, j=interpreted, Vv=VM code, C=native code)
C  [libswt-cocoa-4530.jnilib+0x25ce9]  callback+0x297
C  [libswt-cocoa-4530.jnilib+0x425e]  fn0_2+0x27
C  [AppKit+0x1812f0]  -[NSWindow orderWindow:relativeTo:]+0x76
C  [AppKit+0x2de2e8]  __18-[NSWindow _close]_block_invoke+0x209
C  [AppKit+0x2de090]  -[NSWindow _close]+0x16d
C  [FinderKit+0xa7c79]  -[FI_TFloatingInputWindowController dealloc]+0x3b
C  [libobjc.A.dylib+0xec49]  _ZN11objc_object17sidetable_releaseEb+0x11d
C  [AppKit+0x56e89]  -[NSWindowController release]+0x9b
C  [FinderKit+0xa7964]  _ZN6TNSRefIP33FI_TFloatingInputWindowControllervED1Ev+0x14
C  [libsystem_c.dylib+0x60198]  __cxa_finalize_ranges+0x14c
C  [libsystem_c.dylib+0x604d2]  exit+0x37
V  [libjvm.dylib+0x2daa9e]
V  [libjvm.dylib+0x534667]
V  [libjvm.dylib+0x532ccb]
V  [libjvm.dylib+0x533118]
V  [libjvm.dylib+0x532a37]
V  [libjvm.dylib+0x421c4e]
C  [libsystem_pthread.dylib+0x3abb]  _pthread_body+0xb4
C  [libsystem_pthread.dylib+0x3a07]  _pthread_body+0x0
C  [libsystem_pthread.dylib+0x3231]  thread_start+0xd

VM_Operation (0x0000700007d5e718): Exit, mode: safepoint, requested by thread 0x00007fb70b9df000


---------------  P R O C E S S  ---------------

Java Threads: ( => current thread )
  0x00007fb70b9df000 JavaThread "SIGTERM handler" daemon [_thread_blocked, id=68103, stack(0x0000700007c5f000,0x0000700007d5f000)]
  0x00007fb70abb5800 JavaThread "Abandoned connection cleanup thread" daemon [_thread_blocked, id=56111, stack(0x0000700007ad9000,0x0000700007bd9000)]
  0x00007fb70b85c800 JavaThread "Service Thread" daemon [_thread_blocked, id=17411, stack(0x00007000077cd000,0x00007000078cd000)]
  0x00007fb70b85b800 JavaThread "C2 CompilerThread1" daemon [_thread_blocked, id=16899, stack(0x00007000076ca000,0x00007000077ca000)]
  0x00007fb70a83a000 JavaThread "C2 CompilerThread0" daemon [_thread_blocked, id=16387, stack(0x00007000075c7000,0x00007000076c7000)]
  0x00007fb70b855800 JavaThread "Signal Dispatcher" daemon [_thread_blocked, id=15879, stack(0x00007000074c4000,0x00007000075c4000)]
  0x00007fb70b833000 JavaThread "Finalizer" daemon [_thread_blocked, id=12291, stack(0x00007000073c1000,0x00007000074c1000)]
  0x00007fb70b832000 JavaThread "Reference Handler" daemon [_thread_blocked, id=11779, stack(0x00007000072be000,0x00007000073be000)]
  0x00007fb70a80f000 JavaThread "main" [_thread_blocked, id=2059, stack(0x00007fff55e89000,0x00007fff56689000)]

Other Threads:
=>0x00007fb70a82a000 VMThread [stack: 0x00007000071bb000,0x00007000072bb000] [id=11267]

VM state:at safepoint (shutting down)

VM Mutex/Monitor currently owned by a thread:  ([mutex/lock_event])
[0x00007fb70a4166d0] Threads_lock - owner thread: 0x00007fb70a82a000

Heap
 PSYoungGen      total 38912K, used 28825K [0x00000007d5500000, 0x00000007d8000000, 0x0000000800000000)
  eden space 33792K, 71% used [0x00000007d5500000,0x00000007d6c73b98,0x00000007d7600000)
  from space 5120K, 93% used [0x00000007d7600000,0x00000007d7ab2918,0x00000007d7b00000)
  to   space 5120K, 0% used [0x00000007d7b00000,0x00000007d7b00000,0x00000007d8000000)
 ParOldGen       total 87040K, used 22K [0x0000000780000000, 0x0000000785500000, 0x00000007d5500000)
  object space 87040K, 0% used [0x0000000780000000,0x0000000780005bd0,0x0000000785500000)
 PSPermGen       total 21504K, used 9598K [0x000000077ae00000, 0x000000077c300000, 0x0000000780000000)
  object space 21504K, 44% used [0x000000077ae00000,0x000000077b75f9c0,0x000000077c300000)

Card table byte_map: [0x0000000109f06000,0x000000010a330000] byte_map_base: 0x000000010632f000

Polling page: 0x00000001095f4000

Code Cache  [0x000000010af41000, 0x000000010b1b1000, 0x000000010df41000)
 total_blobs=537 nmethods=146 adapters=345 free_code_cache=48392Kb largest_free_block=49513600

Compilation events (10 events):
Event: 41.552 Thread 0x00007fb70a83a000  143             org.eclipse.swt.internal.cocoa.NSObject::<init> (5 bytes)
Event: 41.552 Thread 0x00007fb70a83a000 nmethod 143 0x000000010b003b50 code [0x000000010b003c80, 0x000000010b003cd8]
Event: 44.996 Thread 0x00007fb70b85b800  145             org.eclipse.swt.internal.cocoa.NSObject::release (12 bytes)
Event: 44.996 Thread 0x00007fb70b85b800 nmethod 145 0x000000010b003550 code [0x000000010b0036a0, 0x000000010b003728]
Event: 45.298 Thread 0x00007fb70a83a000  146             java.lang.String::startsWith (7 bytes)
Event: 45.300 Thread 0x00007fb70a83a000 nmethod 146 0x000000010b003110 code [0x000000010b003260, 0x000000010b0033f8]
Event: 45.553 Thread 0x00007fb70b85b800  147             org.eclipse.swt.widgets.Shell::isDrawing (5 bytes)
Event: 45.553 Thread 0x00007fb70b85b800 nmethod 147 0x000000010b002f10 code [0x000000010b003040, 0x000000010b0030b8]
Event: 56.128 Thread 0x00007fb70a83a000  148             org.eclipse.swt.internal.cocoa.NSEvent::type (11 bytes)
Event: 56.129 Thread 0x00007fb70a83a000 nmethod 148 0x000000010afb0ad0 code [0x000000010afb0c20, 0x000000010afb0ca8]

GC Heap History (2 events):
Event: 2.442 GC heap before
{Heap before GC invocations=1 (full 0):
 PSYoungGen      total 38912K, used 33792K [0x00000007d5500000, 0x00000007d8000000, 0x0000000800000000)
  eden space 33792K, 100% used [0x00000007d5500000,0x00000007d7600000,0x00000007d7600000)
  from space 5120K, 0% used [0x00000007d7b00000,0x00000007d7b00000,0x00000007d8000000)
  to   space 5120K, 0% used [0x00000007d7600000,0x00000007d7600000,0x00000007d7b00000)
 ParOldGen       total 87040K, used 0K [0x0000000780000000, 0x0000000785500000, 0x00000007d5500000)
  object space 87040K, 0% used [0x0000000780000000,0x0000000780000000,0x0000000785500000)
 PSPermGen       total 21504K, used 9171K [0x000000077ae00000, 0x000000077c300000, 0x0000000780000000)
  object space 21504K, 42% used [0x000000077ae00000,0x000000077b6f4d28,0x000000077c300000)
Event: 2.449 GC heap after
Heap after GC invocations=1 (full 0):
 PSYoungGen      total 38912K, used 4810K [0x00000007d5500000, 0x00000007d8000000, 0x0000000800000000)
  eden space 33792K, 0% used [0x00000007d5500000,0x00000007d5500000,0x00000007d7600000)
  from space 5120K, 93% used [0x00000007d7600000,0x00000007d7ab2918,0x00000007d7b00000)
  to   space 5120K, 0% used [0x00000007d7b00000,0x00000007d7b00000,0x00000007d8000000)
 ParOldGen       total 87040K, used 22K [0x0000000780000000, 0x0000000785500000, 0x00000007d5500000)
  object space 87040K, 0% used [0x0000000780000000,0x0000000780005bd0,0x0000000785500000)
 PSPermGen       total 21504K, used 9171K [0x000000077ae00000, 0x000000077c300000, 0x0000000780000000)
  object space 21504K, 42% used [0x000000077ae00000,0x000000077b6f4d28,0x000000077c300000)
}

Deoptimization events (10 events):
Event: 0.948 Thread 0x00007fb70a80f000 Uncommon trap: reason=class_check action=maybe_recompile pc=0x000000010afce228 method=org.eclipse.swt.widgets.Control.invalidateVisibleRegion()V @ 62
Event: 0.962 Thread 0x00007fb70a80f000 Uncommon trap: reason=unreached action=reinterpret pc=0x000000010afcab10 method=org.eclipse.swt.widgets.Display.LookupWidget(JJ)Lorg/eclipse/swt/widgets/Widget; @ 47
Event: 2.284 Thread 0x00007fb70a80f000 Uncommon trap: reason=class_check action=maybe_recompile pc=0x000000010afa9a44 method=java.util.Properties$LineReader.readLine()I @ 62
Event: 2.284 Thread 0x00007fb70a80f000 Uncommon trap: reason=class_check action=maybe_recompile pc=0x000000010afa9a44 method=java.util.Properties$LineReader.readLine()I @ 62
Event: 2.285 Thread 0x00007fb70a80f000 Uncommon trap: reason=class_check action=maybe_recompile pc=0x000000010afa9a44 method=java.util.Properties$LineReader.readLine()I @ 62
Event: 2.286 Thread 0x00007fb70a80f000 Uncommon trap: reason=class_check action=maybe_recompile pc=0x000000010afa9a44 method=java.util.Properties$LineReader.readLine()I @ 62
Event: 25.039 Thread 0x00007fb70a80f000 Uncommon trap: reason=unreached action=reinterpret pc=0x000000010aff7254 method=org.eclipse.swt.widgets.Display.runTimers()Z @ 31
Event: 46.007 Thread 0x00007fb70a80f000 Uncommon trap: reason=unreached action=reinterpret pc=0x000000010aff7ff8 method=org.eclipse.swt.widgets.Control.isActive()Z @ 21
Event: 80.062 Thread 0x00007fb70b855800 Uncommon trap: reason=class_check action=maybe_recompile pc=0x000000010b001d54 method=java.util.Hashtable.get(Ljava/lang/Object;)Ljava/lang/Object; @ 46
Event: 80.062 Thread 0x00007fb70b855800 Uncommon trap: reason=class_check action=maybe_recompile pc=0x000000010b001d54 method=java.util.Hashtable.get(Ljava/lang/Object;)Ljava/lang/Object; @ 46

Internal exceptions (10 events):
Event: 2.505 Thread 0x00007fb70a80f000 Threw 0x00000007d56021d8 at /HUDSON/workspace/7u-2-build-macosx-x86_64/jdk7u79/2331/hotspot/src/share/vm/prims/jvm.cpp:1304
Event: 2.510 Thread 0x00007fb70a80f000 Threw 0x00000007d5621f40 at /HUDSON/workspace/7u-2-build-macosx-x86_64/jdk7u79/2331/hotspot/src/share/vm/prims/jvm.cpp:1304
Event: 6.234 Thread 0x00007fb70a80f000 Threw 0x00000007d58bef20 at /HUDSON/workspace/7u-2-build-macosx-x86_64/jdk7u79/2331/hotspot/src/share/vm/prims/jvm.cpp:1304
Event: 6.250 Thread 0x00007fb70a80f000 Threw 0x00000007d590aee0 at /HUDSON/workspace/7u-2-build-macosx-x86_64/jdk7u79/2331/hotspot/src/share/vm/prims/jvm.cpp:1304
Event: 40.790 Thread 0x00007fb70a80f000 Threw 0x00000007d6786548 at /HUDSON/workspace/7u-2-build-macosx-x86_64/jdk7u79/2331/hotspot/src/share/vm/prims/jvm.cpp:1304
Event: 44.276 Thread 0x00007fb70a80f000 Threw 0x00000007d6a922a0 at /HUDSON/workspace/7u-2-build-macosx-x86_64/jdk7u79/2331/hotspot/src/share/vm/prims/jvm.cpp:1304
Event: 45.296 Thread 0x00007fb70a80f000 Threw 0x00000007d6ace5a0 at /HUDSON/workspace/7u-2-build-macosx-x86_64/jdk7u79/2331/hotspot/src/share/vm/prims/jvm.cpp:1304
Event: 45.297 Thread 0x00007fb70a80f000 Threw 0x00000007d6ad6768 at /HUDSON/workspace/7u-2-build-macosx-x86_64/jdk7u79/2331/hotspot/src/share/vm/prims/jvm.cpp:1304
Event: 45.298 Thread 0x00007fb70a80f000 Threw 0x00000007d6add520 at /HUDSON/workspace/7u-2-build-macosx-x86_64/jdk7u79/2331/hotspot/src/share/vm/prims/jvm.cpp:1304
Event: 52.493 Thread 0x00007fb70a80f000 Threw 0x00000007d6af28c0 at /HUDSON/workspace/7u-2-build-macosx-x86_64/jdk7u79/2331/hotspot/src/share/vm/prims/jvm.cpp:1304

Events (10 events):
Event: 80.062 loading class 0x000000010a3f3050
Event: 80.096 loading class 0x000000010a3f3050 done
Event: 80.096 Thread 0x00007fb70b9df000 Thread added: 0x00007fb70b9df000
Event: 80.096 loading class 0x00007fb70c19bc00
Event: 80.096 loading class 0x00007fb70c19bc30
Event: 80.096 loading class 0x00007fb70c19bc30 done
Event: 80.096 loading class 0x00007fb70c19bc00 done
Event: 80.096 Thread 0x00007fb70b0b6000 Thread added: 0x00007fb70b0b6000
Event: 80.096 Thread 0x00007fb70b0b6000 Thread exited: 0x00007fb70b0b6000
Event: 80.097 Executing VM operation: Exit


Dynamic libraries:
0x00000000213af000 	/System/Library/Frameworks/Cocoa.framework/Versions/A/Cocoa
0x00000000213af000 	/System/Library/Frameworks/Security.framework/Versions/A/Security
0x00000000213af000 	/System/Library/Frameworks/ApplicationServices.framework/Versions/A/ApplicationServices
0x00000000213af000 	/usr/lib/libz.1.dylib
0x00000000213af000 	/usr/lib/libSystem.B.dylib
0x00000000213af000 	/usr/lib/libobjc.A.dylib
0x00000000213af000 	/System/Library/Frameworks/CoreFoundation.framework/Versions/A/CoreFoundation
0x00000000213af000 	/System/Library/Frameworks/Foundation.framework/Versions/C/Foundation
0x00000000213af000 	/System/Library/Frameworks/AppKit.framework/Versions/C/AppKit
0x00000000213af000 	/System/Library/Frameworks/CoreData.framework/Versions/A/CoreData
0x00000000213af000 	/System/Library/PrivateFrameworks/RemoteViewServices.framework/Versions/A/RemoteViewServices
0x00000000213af000 	/System/Library/PrivateFrameworks/UIFoundation.framework/Versions/A/UIFoundation
0x00000000213af000 	/usr/lib/libenergytrace.dylib
0x00000000213af000 	/System/Library/PrivateFrameworks/SkyLight.framework/Versions/A/SkyLight
0x00000000213af000 	/System/Library/Frameworks/CoreGraphics.framework/Versions/A/CoreGraphics
0x00000000213af000 	/usr/lib/libScreenReader.dylib
0x00000000213af000 	/System/Library/Frameworks/Accelerate.framework/Versions/A/Accelerate
0x00000000213af000 	/System/Library/Frameworks/IOSurface.framework/Versions/A/IOSurface
0x00000000213af000 	/System/Library/Frameworks/AudioToolbox.framework/Versions/A/AudioToolbox
0x00000000213af000 	/System/Library/Frameworks/AudioUnit.framework/Versions/A/AudioUnit
0x00000000213af000 	/System/Library/PrivateFrameworks/DataDetectorsCore.framework/Versions/A/DataDetectorsCore
0x00000000213af000 	/System/Library/PrivateFrameworks/DesktopServicesPriv.framework/Versions/A/DesktopServicesPriv
0x00000000213af000 	/System/Library/Frameworks/Carbon.framework/Versions/A/Frameworks/HIToolbox.framework/Versions/A/HIToolbox
0x00000000213af000 	/usr/lib/libicucore.A.dylib
0x00000000213af000 	/System/Library/Frameworks/QuartzCore.framework/Versions/A/QuartzCore
0x00000000213af000 	/System/Library/Frameworks/Carbon.framework/Versions/A/Frameworks/SpeechRecognition.framework/Versions/A/SpeechRecognition
0x00000000213af000 	/usr/lib/libauto.dylib
0x00000000213af000 	/usr/lib/libxml2.2.dylib
0x00000000213af000 	/System/Library/PrivateFrameworks/CoreUI.framework/Versions/A/CoreUI
0x00000000213af000 	/System/Library/Frameworks/CoreAudio.framework/Versions/A/CoreAudio
0x00000000213af000 	/System/Library/Frameworks/DiskArbitration.framework/Versions/A/DiskArbitration
0x00000000213af000 	/usr/lib/liblangid.dylib
0x00000000213af000 	/System/Library/PrivateFrameworks/MultitouchSupport.framework/Versions/A/MultitouchSupport
0x00000000213af000 	/System/Library/Frameworks/IOKit.framework/Versions/A/IOKit
0x00000000213af000 	/usr/lib/libDiagnosticMessagesClient.dylib
0x00000000213af000 	/System/Library/Frameworks/CoreServices.framework/Versions/A/CoreServices
0x00000000213af000 	/System/Library/PrivateFrameworks/PerformanceAnalysis.framework/Versions/A/PerformanceAnalysis
0x00000000213af000 	/System/Library/PrivateFrameworks/GenerationalStorage.framework/Versions/A/GenerationalStorage
0x00000000213af000 	/System/Library/Frameworks/OpenGL.framework/Versions/A/OpenGL
0x00000000213af000 	/System/Library/Frameworks/CoreImage.framework/Versions/A/CoreImage
0x00000000213af000 	/System/Library/Frameworks/CoreText.framework/Versions/A/CoreText
0x00000000213af000 	/System/Library/Frameworks/ImageIO.framework/Versions/A/ImageIO
0x00000000213af000 	/System/Library/PrivateFrameworks/Backup.framework/Versions/A/Backup
0x00000000213af000 	/usr/lib/libarchive.2.dylib
0x00000000213af000 	/System/Library/Frameworks/CFNetwork.framework/Versions/A/CFNetwork
0x00000000213af000 	/System/Library/Frameworks/SystemConfiguration.framework/Versions/A/SystemConfiguration
0x00000000213af000 	/usr/lib/libCRFSuite.dylib
0x00000000213af000 	/usr/lib/libc++.1.dylib
0x00000000213af000 	/usr/lib/libc++abi.dylib
0x00000000213af000 	/usr/lib/system/libcache.dylib
0x00000000213af000 	/usr/lib/system/libcommonCrypto.dylib
0x00000000213af000 	/usr/lib/system/libcompiler_rt.dylib
0x00000000213af000 	/usr/lib/system/libcopyfile.dylib
0x00000000213af000 	/usr/lib/system/libcorecrypto.dylib
0x00000000213af000 	/usr/lib/system/libdispatch.dylib
0x00000000213af000 	/usr/lib/system/libdyld.dylib
0x00000000213af000 	/usr/lib/system/libkeymgr.dylib
0x00000000213af000 	/usr/lib/system/liblaunch.dylib
0x00000000213af000 	/usr/lib/system/libmacho.dylib
0x00000000213af000 	/usr/lib/system/libquarantine.dylib
0x00000000213af000 	/usr/lib/system/libremovefile.dylib
0x00000000213af000 	/usr/lib/system/libsystem_asl.dylib
0x00000000213af000 	/usr/lib/system/libsystem_blocks.dylib
0x00000000213af000 	/usr/lib/system/libsystem_c.dylib
0x00000000213af000 	/usr/lib/system/libsystem_configuration.dylib
0x00000000213af000 	/usr/lib/system/libsystem_coreservices.dylib
0x00000000213af000 	/usr/lib/system/libsystem_coretls.dylib
0x00000000213af000 	/usr/lib/system/libsystem_dnssd.dylib
0x00000000213af000 	/usr/lib/system/libsystem_info.dylib
0x00000000213af000 	/usr/lib/system/libsystem_kernel.dylib
0x00000000213af000 	/usr/lib/system/libsystem_m.dylib
0x00000000213af000 	/usr/lib/system/libsystem_malloc.dylib
0x00000000213af000 	/usr/lib/system/libsystem_network.dylib
0x00000000213af000 	/usr/lib/system/libsystem_networkextension.dylib
0x00000000213af000 	/usr/lib/system/libsystem_notify.dylib
0x00000000213af000 	/usr/lib/system/libsystem_platform.dylib
0x00000000213af000 	/usr/lib/system/libsystem_pthread.dylib
0x00000000213af000 	/usr/lib/system/libsystem_sandbox.dylib
0x00000000213af000 	/usr/lib/system/libsystem_secinit.dylib
0x00000000213af000 	/usr/lib/system/libsystem_symptoms.dylib
0x00000000213af000 	/usr/lib/system/libsystem_trace.dylib
0x00000000213af000 	/usr/lib/system/libunwind.dylib
0x00000000213af000 	/usr/lib/system/libxpc.dylib
0x00000000213af000 	/usr/lib/libbsm.0.dylib
0x00000000213af000 	/usr/lib/system/libkxld.dylib
0x00000000213af000 	/usr/lib/libcoretls.dylib
0x00000000213af000 	/usr/lib/libcoretls_cfhelpers.dylib
0x00000000213af000 	/usr/lib/libxar.1.dylib
0x00000000213af000 	/usr/lib/libsqlite3.dylib
0x00000000213af000 	/usr/lib/libpam.2.dylib
0x00000000213af000 	/usr/lib/libOpenScriptingUtil.dylib
0x00000000213af000 	/usr/lib/libbz2.1.0.dylib
0x00000000213af000 	/usr/lib/liblzma.5.dylib
0x00000000213af000 	/usr/lib/libnetwork.dylib
0x00000000213af000 	/usr/lib/libpcap.A.dylib
0x00000000213af000 	/System/Library/Frameworks/CoreServices.framework/Versions/A/Frameworks/FSEvents.framework/Versions/A/FSEvents
0x00000000213af000 	/System/Library/Frameworks/CoreServices.framework/Versions/A/Frameworks/CarbonCore.framework/Versions/A/CarbonCore
0x00000000213af000 	/System/Library/Frameworks/CoreServices.framework/Versions/A/Frameworks/Metadata.framework/Versions/A/Metadata
0x00000000213af000 	/System/Library/Frameworks/CoreServices.framework/Versions/A/Frameworks/OSServices.framework/Versions/A/OSServices
0x00000000213af000 	/System/Library/Frameworks/CoreServices.framework/Versions/A/Frameworks/SearchKit.framework/Versions/A/SearchKit
0x00000000213af000 	/System/Library/Frameworks/CoreServices.framework/Versions/A/Frameworks/AE.framework/Versions/A/AE
0x00000000213af000 	/System/Library/Frameworks/CoreServices.framework/Versions/A/Frameworks/LaunchServices.framework/Versions/A/LaunchServices
0x00000000213af000 	/System/Library/Frameworks/CoreServices.framework/Versions/A/Frameworks/DictionaryServices.framework/Versions/A/DictionaryServices
0x00000000213af000 	/System/Library/Frameworks/CoreServices.framework/Versions/A/Frameworks/SharedFileList.framework/Versions/A/SharedFileList
0x00000000213af000 	/System/Library/Frameworks/NetFS.framework/Versions/A/NetFS
0x00000000213af000 	/System/Library/PrivateFrameworks/NetAuth.framework/Versions/A/NetAuth
0x00000000213af000 	/System/Library/PrivateFrameworks/login.framework/Versions/A/Frameworks/loginsupport.framework/Versions/A/loginsupport
0x00000000213af000 	/System/Library/PrivateFrameworks/TCC.framework/Versions/A/TCC
0x00000000213af000 	/usr/lib/libmecabra.dylib
0x00000000213af000 	/System/Library/Frameworks/ApplicationServices.framework/Versions/A/Frameworks/ATS.framework/Versions/A/ATS
0x00000000213af000 	/System/Library/Frameworks/ApplicationServices.framework/Versions/A/Frameworks/ColorSync.framework/Versions/A/ColorSync
0x00000000213af000 	/System/Library/Frameworks/ApplicationServices.framework/Versions/A/Frameworks/HIServices.framework/Versions/A/HIServices
0x00000000213af000 	/System/Library/Frameworks/ApplicationServices.framework/Versions/A/Frameworks/LangAnalysis.framework/Versions/A/LangAnalysis
0x00000000213af000 	/System/Library/Frameworks/ApplicationServices.framework/Versions/A/Frameworks/PrintCore.framework/Versions/A/PrintCore
0x00000000213af000 	/System/Library/Frameworks/ApplicationServices.framework/Versions/A/Frameworks/QD.framework/Versions/A/QD
0x00000000213af000 	/System/Library/Frameworks/ApplicationServices.framework/Versions/A/Frameworks/SpeechSynthesis.framework/Versions/A/SpeechSynthesis
0x00000000213af000 	/System/Library/Frameworks/Accelerate.framework/Versions/A/Frameworks/vImage.framework/Versions/A/vImage
0x00000000213af000 	/System/Library/Frameworks/Accelerate.framework/Versions/A/Frameworks/vecLib.framework/Versions/A/vecLib
0x00000000213af000 	/System/Library/Frameworks/Accelerate.framework/Versions/A/Frameworks/vecLib.framework/Versions/A/libvDSP.dylib
0x00000000213af000 	/System/Library/Frameworks/Accelerate.framework/Versions/A/Frameworks/vecLib.framework/Versions/A/libBNNS.dylib
0x00000000213af000 	/System/Library/Frameworks/Accelerate.framework/Versions/A/Frameworks/vecLib.framework/Versions/A/libQuadrature.dylib
0x00000000213af000 	/System/Library/Frameworks/Accelerate.framework/Versions/A/Frameworks/vecLib.framework/Versions/A/libvMisc.dylib
0x00000000213af000 	/System/Library/Frameworks/Accelerate.framework/Versions/A/Frameworks/vecLib.framework/Versions/A/libLAPACK.dylib
0x00000000213af000 	/System/Library/Frameworks/Accelerate.framework/Versions/A/Frameworks/vecLib.framework/Versions/A/libBLAS.dylib
0x00000000213af000 	/System/Library/Frameworks/Accelerate.framework/Versions/A/Frameworks/vecLib.framework/Versions/A/libLinearAlgebra.dylib
0x00000000213af000 	/System/Library/Frameworks/Accelerate.framework/Versions/A/Frameworks/vecLib.framework/Versions/A/libSparseBLAS.dylib
0x00000000213af000 	/System/Library/Frameworks/ApplicationServices.framework/Versions/A/Frameworks/ATS.framework/Versions/A/Resources/libFontParser.dylib
0x00000000213af000 	/System/Library/Frameworks/ApplicationServices.framework/Versions/A/Frameworks/ATS.framework/Versions/A/Resources/libFontRegistry.dylib
0x00000000213af000 	/System/Library/Frameworks/ImageIO.framework/Versions/A/Resources/libJPEG.dylib
0x00000000213af000 	/System/Library/Frameworks/ImageIO.framework/Versions/A/Resources/libTIFF.dylib
0x00000000213af000 	/System/Library/Frameworks/ImageIO.framework/Versions/A/Resources/libPng.dylib
0x00000000213af000 	/System/Library/Frameworks/ImageIO.framework/Versions/A/Resources/libGIF.dylib
0x00000000213af000 	/System/Library/Frameworks/ImageIO.framework/Versions/A/Resources/libJP2.dylib
0x00000000213af000 	/System/Library/Frameworks/ImageIO.framework/Versions/A/Resources/libRadiance.dylib
0x00000000213af000 	/usr/lib/libcompression.dylib
0x00000000213af000 	/System/Library/PrivateFrameworks/AppleJPEG.framework/Versions/A/AppleJPEG
0x00000000213af000 	/usr/lib/libcups.2.dylib
0x00000000213af000 	/System/Library/Frameworks/Kerberos.framework/Versions/A/Kerberos
0x00000000213af000 	/System/Library/Frameworks/GSS.framework/Versions/A/GSS
0x00000000213af000 	/usr/lib/libresolv.9.dylib
0x00000000213af000 	/usr/lib/libiconv.2.dylib
0x00000000213af000 	/System/Library/PrivateFrameworks/Heimdal.framework/Versions/A/Heimdal
0x00000000213af000 	/usr/lib/libheimdal-asn1.dylib
0x00000000213af000 	/System/Library/Frameworks/OpenDirectory.framework/Versions/A/OpenDirectory
0x00000000213af000 	/System/Library/PrivateFrameworks/CommonAuth.framework/Versions/A/CommonAuth
0x00000000213af000 	/System/Library/Frameworks/OpenDirectory.framework/Versions/A/Frameworks/CFOpenDirectory.framework/Versions/A/CFOpenDirectory
0x00000000213af000 	/System/Library/Frameworks/SecurityFoundation.framework/Versions/A/SecurityFoundation
0x00000000213af000 	/System/Library/PrivateFrameworks/LanguageModeling.framework/Versions/A/LanguageModeling
0x00000000213af000 	/usr/lib/libmarisa.dylib
0x00000000213af000 	/usr/lib/libChineseTokenizer.dylib
0x00000000213af000 	/usr/lib/libcmph.dylib
0x00000000213af000 	/System/Library/PrivateFrameworks/CoreEmoji.framework/Versions/A/CoreEmoji
0x00000000213af000 	/System/Library/Frameworks/ServiceManagement.framework/Versions/A/ServiceManagement
0x00000000213af000 	/usr/lib/libxslt.1.dylib
0x00000000213af000 	/System/Library/Frameworks/Carbon.framework/Versions/A/Frameworks/Ink.framework/Versions/A/Ink
0x00000000213af000 	/System/Library/PrivateFrameworks/TextureIO.framework/Versions/A/TextureIO
0x00000000213af000 	/System/Library/Frameworks/Metal.framework/Versions/A/Metal
0x00000000213af000 	/usr/lib/libate.dylib
0x00000000213af000 	/System/Library/PrivateFrameworks/GPUCompiler.framework/libmetal_timestamp.dylib
0x00000000213af000 	/System/Library/Frameworks/OpenGL.framework/Versions/A/Libraries/libCoreFSCache.dylib
0x00000000213af000 	/System/Library/PrivateFrameworks/IOAccelerator.framework/Versions/A/IOAccelerator
0x00000000213af000 	/System/Library/Frameworks/CoreVideo.framework/Versions/A/CoreVideo
0x00000000213af000 	/usr/lib/libFosl_dynamic.dylib
0x00000000213af000 	/System/Library/PrivateFrameworks/MetalPerformanceShaders.framework/Versions/A/MetalPerformanceShaders
0x00000000213af000 	/System/Library/PrivateFrameworks/FaceCore.framework/Versions/A/FaceCore
0x00000000213af000 	/System/Library/Frameworks/OpenCL.framework/Versions/A/OpenCL
0x00000000213af000 	/System/Library/Frameworks/OpenGL.framework/Versions/A/Libraries/libGLU.dylib
0x00000000213af000 	/System/Library/Frameworks/OpenGL.framework/Versions/A/Libraries/libGFXShared.dylib
0x00000000213af000 	/System/Library/Frameworks/OpenGL.framework/Versions/A/Libraries/libGL.dylib
0x00000000213af000 	/System/Library/Frameworks/OpenGL.framework/Versions/A/Libraries/libGLImage.dylib
0x00000000213af000 	/System/Library/Frameworks/OpenGL.framework/Versions/A/Libraries/libCVMSPluginSupport.dylib
0x00000000213af000 	/System/Library/Frameworks/OpenGL.framework/Versions/A/Libraries/libCoreVMClient.dylib
0x00000000213af000 	/System/Library/PrivateFrameworks/CrashReporterSupport.framework/Versions/A/CrashReporterSupport
0x00000000213af000 	/System/Library/PrivateFrameworks/Sharing.framework/Versions/A/Sharing
0x00000000213af000 	/System/Library/PrivateFrameworks/IconServices.framework/Versions/A/IconServices
0x00000000213af000 	/System/Library/PrivateFrameworks/ProtocolBuffer.framework/Versions/A/ProtocolBuffer
0x00000000213af000 	/System/Library/PrivateFrameworks/Apple80211.framework/Versions/A/Apple80211
0x00000000213af000 	/System/Library/Frameworks/CoreWLAN.framework/Versions/A/CoreWLAN
0x00000000213af000 	/System/Library/PrivateFrameworks/CoreUtils.framework/Versions/A/CoreUtils
0x00000000213af000 	/System/Library/Frameworks/IOBluetooth.framework/Versions/A/IOBluetooth
0x00000000213af000 	/System/Library/PrivateFrameworks/CoreWiFi.framework/Versions/A/CoreWiFi
0x00000000213af000 	/System/Library/Frameworks/CoreBluetooth.framework/Versions/A/CoreBluetooth
0x00000000213af000 	/System/Library/Frameworks/CoreDisplay.framework/Versions/A/CoreDisplay
0x00000000213af000 	/System/Library/PrivateFrameworks/IOPresentment.framework/Versions/A/IOPresentment
0x00000000213af000 	/System/Library/PrivateFrameworks/DebugSymbols.framework/Versions/A/DebugSymbols
0x00000000213af000 	/System/Library/PrivateFrameworks/CoreSymbolication.framework/Versions/A/CoreSymbolication
0x00000000213af000 	/System/Library/PrivateFrameworks/Symbolication.framework/Versions/A/Symbolication
0x00000000213af000 	/System/Library/PrivateFrameworks/AppleFSCompression.framework/Versions/A/AppleFSCompression
0x00000000213af000 	/System/Library/PrivateFrameworks/SpeechRecognitionCore.framework/Versions/A/SpeechRecognitionCore
0x00000000213af000 	/System/Library/PrivateFrameworks/ChunkingLibrary.framework/Versions/A/ChunkingLibrary
0x000000010a4de000 	/Library/Java/JavaVirtualMachines/jdk1.7.0_79.jdk/Contents/Home/jre/lib/server/libjvm.dylib
0x00000000213af000 	/usr/lib/libstdc++.6.dylib
0x0000000109e00000 	/Library/Java/JavaVirtualMachines/jdk1.7.0_79.jdk/Contents/Home/jre/lib/libverify.dylib
0x0000000109e0d000 	/Library/Java/JavaVirtualMachines/jdk1.7.0_79.jdk/Contents/Home/jre/lib/libjava.dylib
0x0000000109e3d000 	/Library/Java/JavaVirtualMachines/jdk1.7.0_79.jdk/Contents/Home/jre/lib/libzip.dylib
0x0000000113a9c000 	/System/Library/Frameworks/JavaVM.framework/Frameworks/JavaRuntimeSupport.framework/JavaRuntimeSupport
0x0000000113ab6000 	/System/Library/Frameworks/JavaVM.framework/Versions/A/Frameworks/JavaNativeFoundation.framework/Versions/A/JavaNativeFoundation
0x000000010a446000 	/System/Library/Frameworks/JavaVM.framework/Versions/A/JavaVM
0x00000000213af000 	/System/Library/Frameworks/Carbon.framework/Versions/A/Carbon
0x0000000113acb000 	/System/Library/PrivateFrameworks/JavaLaunching.framework/Versions/A/JavaLaunching
0x00000000213af000 	/System/Library/Frameworks/Carbon.framework/Versions/A/Frameworks/CommonPanels.framework/Versions/A/CommonPanels
0x00000000213af000 	/System/Library/Frameworks/Carbon.framework/Versions/A/Frameworks/Help.framework/Versions/A/Help
0x00000000213af000 	/System/Library/Frameworks/Carbon.framework/Versions/A/Frameworks/ImageCapture.framework/Versions/A/ImageCapture
0x00000000213af000 	/System/Library/Frameworks/Carbon.framework/Versions/A/Frameworks/OpenScripting.framework/Versions/A/OpenScripting
0x00000000213af000 	/System/Library/Frameworks/Carbon.framework/Versions/A/Frameworks/Print.framework/Versions/A/Print
0x00000000213af000 	/System/Library/Frameworks/Carbon.framework/Versions/A/Frameworks/SecurityHI.framework/Versions/A/SecurityHI
0x0000000115642000 	/Users/michaelschafferer/.swt/lib/macosx/x86_64/libswt-cocoa-4530.jnilib
0x00000000213af000 	/System/Library/Frameworks/WebKit.framework/Versions/A/WebKit
0x00000000213af000 	/System/Library/Frameworks/JavaScriptCore.framework/Versions/A/JavaScriptCore
0x00000000213af000 	/System/Library/Frameworks/SecurityInterface.framework/Versions/A/SecurityInterface
0x00000000213af000 	/System/Library/Frameworks/WebKit.framework/Versions/A/Frameworks/WebKitLegacy.framework/Versions/A/WebKitLegacy
0x00000000213af000 	/System/Library/Frameworks/WebKit.framework/Versions/A/Frameworks/WebCore.framework/Versions/A/WebCore
0x000000011570f000 	/Users/michaelschafferer/.swt/lib/macosx/x86_64/libswt-pi-cocoa-4530.jnilib
0x00000000213af000 	/System/Library/PrivateFrameworks/CoreServicesInternal.framework/Versions/A/CoreServicesInternal
0x00000000213af000 	/System/Library/Frameworks/Accelerate.framework/Versions/A/Frameworks/vImage.framework/Versions/A/Libraries/libCGInterfaces.dylib
0x00000000213af000 	/System/Library/Frameworks/ApplicationServices.framework/Versions/A/Frameworks/ATS.framework/Versions/A/Resources/libTrueTypeScaler.dylib
0x00000000213af000 	/System/Library/PrivateFrameworks/CloudDocs.framework/Versions/A/CloudDocs
0x00000000213af000 	/System/Library/Frameworks/CloudKit.framework/Versions/A/CloudKit
0x00000000213af000 	/System/Library/PrivateFrameworks/MMCS.framework/Versions/A/MMCS
0x00000000213af000 	/System/Library/Frameworks/CoreLocation.framework/Versions/A/CoreLocation
0x00000000213af000 	/System/Library/PrivateFrameworks/ProtectedCloudStorage.framework/Versions/A/ProtectedCloudStorage
0x00000000213af000 	/System/Library/PrivateFrameworks/AssetCacheServices.framework/Versions/A/AssetCacheServices
0x00000000213af000 	/System/Library/PrivateFrameworks/GeoServices.framework/Versions/A/GeoServices
0x0000000115a71000 	/System/Library/PrivateFrameworks/CoreNLP.framework/Versions/A/CoreNLP
0x00000000213af000 	/System/Library/PrivateFrameworks/FamilyControls.framework/Versions/A/FamilyControls
0x00000000213af000 	/System/Library/PrivateFrameworks/CommerceKit.framework/Versions/A/Frameworks/CommerceCore.framework/Versions/A/CommerceCore
0x00000000213af000 	/System/Library/PrivateFrameworks/SystemAdministration.framework/Versions/A/SystemAdministration
0x00000000213af000 	/System/Library/PrivateFrameworks/AppContainer.framework/Versions/A/AppContainer
0x00000000213af000 	/System/Library/PrivateFrameworks/SecCodeWrapper.framework/Versions/A/SecCodeWrapper
0x00000000213af000 	/System/Library/Frameworks/DirectoryService.framework/Versions/A/DirectoryService
0x00000000213af000 	/System/Library/PrivateFrameworks/DiskImages.framework/Versions/A/DiskImages
0x00000000213af000 	/System/Library/PrivateFrameworks/LoginUIKit.framework/Versions/A/Frameworks/LoginUICore.framework/Versions/A/LoginUICore
0x00000000213af000 	/usr/lib/libCoreStorage.dylib
0x00000000213af000 	/usr/lib/libcsfde.dylib
0x00000000213af000 	/usr/lib/libodfde.dylib
0x00000000213af000 	/System/Library/Frameworks/DiscRecording.framework/Versions/A/DiscRecording
0x00000000213af000 	/usr/lib/libcurl.4.dylib
0x00000000213af000 	/System/Library/PrivateFrameworks/MediaKit.framework/Versions/A/MediaKit
0x00000000213af000 	/System/Library/PrivateFrameworks/EFILogin.framework/Versions/A/EFILogin
0x00000000213af000 	/usr/lib/libutil.dylib
0x00000000213af000 	/System/Library/Frameworks/LDAP.framework/Versions/A/LDAP
0x00000000213af000 	/usr/lib/libsasl2.2.dylib
0x00000000213af000 	/System/Library/PrivateFrameworks/CoreDaemon.framework/Versions/B/CoreDaemon
0x00000000213af000 	/System/Library/PrivateFrameworks/AppleSRP.framework/Versions/A/AppleSRP
0x00000000213af000 	/System/Library/PrivateFrameworks/APFS.framework/Versions/A/APFS
0x00000000213af000 	/System/Library/Frameworks/OpenGL.framework/Versions/A/Resources/GLEngine.bundle/GLEngine
0x00000000213af000 	/System/Library/Frameworks/OpenGL.framework/Versions/A/Libraries/libGLProgrammability.dylib
0x0000000119fb3000 	/System/Library/Extensions/AppleIntelHD4000GraphicsGLDriver.bundle/Contents/MacOS/AppleIntelHD4000GraphicsGLDriver
0x00000000213af000 	/System/Library/PrivateFrameworks/GPUSupport.framework/Versions/A/Libraries/libGPUSupportMercury.dylib
0x00000000213af000 	/System/Library/Frameworks/OpenGL.framework/Versions/A/Resources/GLRendererFloat.bundle/GLRendererFloat
0x00000000213af000 	/System/Library/Frameworks/OpenCL.framework/Versions/A/Libraries/libcldcpuengine.dylib
0x00000000213af000 	/usr/lib/libcrypto.0.9.8.dylib
0x00000000213af000 	/System/Library/PrivateFrameworks/TrustEvaluationAgent.framework/Versions/A/TrustEvaluationAgent
0x000000011a678000 	/System/Library/Extensions/AppleIntelHD4000GraphicsMTLDriver.bundle/Contents/MacOS/AppleIntelHD4000GraphicsMTLDriver
0x00000000213af000 	/System/Library/PrivateFrameworks/ViewBridge.framework/Versions/A/ViewBridge
0x00000000213af000 	/System/Library/PrivateFrameworks/XPCService.framework/Versions/A/XPCService
0x00000000213af000 	/System/Library/PrivateFrameworks/AppSandbox.framework/Versions/A/AppSandbox
0x00000000213af000 	/usr/lib/libsandbox.1.dylib
0x00000000213af000 	/usr/lib/libMatch.1.dylib
0x00000001154b8000 	/Library/Java/JavaVirtualMachines/jdk1.7.0_79.jdk/Contents/Home/jre/lib/libnio.dylib
0x00000001155c8000 	/Library/Java/JavaVirtualMachines/jdk1.7.0_79.jdk/Contents/Home/jre/lib/./libnet.dylib
0x00000000213af000 	/System/Library/PrivateFrameworks/Shortcut.framework/Versions/A/Shortcut
0x00000000213af000 	/System/Library/PrivateFrameworks/HelpData.framework/Versions/A/HelpData
0x00000000213af000 	/System/Library/PrivateFrameworks/FinderKit.framework/Versions/A/FinderKit
0x00000000213af000 	/System/Library/Frameworks/Quartz.framework/Versions/A/Frameworks/QuickLookUI.framework/Versions/A/QuickLookUI
0x00000000213af000 	/System/Library/Frameworks/Quartz.framework/Versions/A/Frameworks/ImageKit.framework/Versions/A/ImageKit
0x00000000213af000 	/System/Library/PrivateFrameworks/Bom.framework/Versions/A/Bom
0x00000000213af000 	/System/Library/Frameworks/QuickLook.framework/Versions/A/QuickLook
0x00000000213af000 	/System/Library/PrivateFrameworks/Suggestions.framework/Versions/A/Suggestions
0x00000000213af000 	/System/Library/PrivateFrameworks/AppleSystemInfo.framework/Versions/A/AppleSystemInfo
0x00000000213af000 	/System/Library/Frameworks/ImageCaptureCore.framework/Versions/A/ImageCaptureCore
0x00000000213af000 	/System/Library/Frameworks/SafariServices.framework/Versions/A/SafariServices
0x00000000213af000 	/System/Library/Frameworks/QTKit.framework/Versions/A/QTKit
0x00000000213af000 	/System/Library/PrivateFrameworks/MobileKeyBag.framework/Versions/A/MobileKeyBag
0x00000000213af000 	/System/Library/Frameworks/AVFoundation.framework/Versions/A/AVFoundation
0x00000000213af000 	/System/Library/Frameworks/CoreMedia.framework/Versions/A/CoreMedia
0x00000000213af000 	/System/Library/Frameworks/MediaToolbox.framework/Versions/A/MediaToolbox
0x00000000213af000 	/System/Library/Frameworks/VideoToolbox.framework/Versions/A/VideoToolbox
0x00000000213af000 	/System/Library/PrivateFrameworks/CoreMediaAuthoring.framework/Versions/A/CoreMediaAuthoring
0x00000000213af000 	/System/Library/Frameworks/CoreMediaIO.framework/Versions/A/CoreMediaIO
0x00000000213af000 	/System/Library/Frameworks/AVFoundation.framework/Versions/A/Frameworks/AVFAudio.framework/Versions/A/AVFAudio
0x00000000213af000 	/System/Library/PrivateFrameworks/IntlPreferences.framework/Versions/A/IntlPreferences
0x00000000213af000 	/usr/lib/libspindump.dylib
0x00000000213af000 	/usr/lib/libdscsym.dylib
0x00000000213af000 	/System/Library/PrivateFrameworks/CoreAVCHD.framework/Versions/A/CoreAVCHD
0x00000000213af000 	/System/Library/Frameworks/MediaAccessibility.framework/Versions/A/MediaAccessibility
0x00000000213af000 	/System/Library/PrivateFrameworks/Mangrove.framework/Versions/A/Mangrove
0x00000000213af000 	/System/Library/PrivateFrameworks/CoreAUC.framework/Versions/A/CoreAUC
0x00000000213af000 	/System/Library/PrivateFrameworks/AppleVA.framework/Versions/A/AppleVA
0x00000000213af000 	/System/Library/PrivateFrameworks/QuickLookThumbnailing.framework/Versions/A/QuickLookThumbnailing
0x00000000213af000 	/System/Library/PrivateFrameworks/DisplayServices.framework/Versions/A/DisplayServices
0x00000000213af000 	/System/Library/Frameworks/Quartz.framework/Versions/A/Frameworks/PDFKit.framework/Versions/A/PDFKit
0x00000000213af000 	/System/Library/Frameworks/Quartz.framework/Versions/A/Frameworks/QuartzComposer.framework/Versions/A/QuartzComposer
0x00000000213af000 	/System/Library/Frameworks/Quartz.framework/Versions/A/Frameworks/QuartzFilters.framework/Versions/A/QuartzFilters
0x00000000213af000 	/System/Library/PrivateFrameworks/CorePDF.framework/Versions/A/CorePDF
0x00000000213af000 	/System/Library/Frameworks/AddressBook.framework/Versions/A/AddressBook
0x00000000213af000 	/System/Library/PrivateFrameworks/ContactsPersistence.framework/Versions/A/ContactsPersistence
0x00000000213af000 	/System/Library/PrivateFrameworks/CalendarAgentLink.framework/Versions/A/CalendarAgentLink
0x00000000213af000 	/System/Library/PrivateFrameworks/ContactsFoundation.framework/Versions/A/ContactsFoundation
0x00000000213af000 	/System/Library/PrivateFrameworks/vCard.framework/Versions/A/vCard
0x00000000213af000 	/System/Library/PrivateFrameworks/ToneLibrary.framework/Versions/A/ToneLibrary
0x00000000213af000 	/System/Library/PrivateFrameworks/ToneKit.framework/Versions/A/ToneKit
0x00000000213af000 	/System/Library/PrivateFrameworks/ApplePushService.framework/Versions/A/ApplePushService
0x00000000213af000 	/System/Library/PrivateFrameworks/PhoneNumbers.framework/Versions/A/PhoneNumbers
0x00000000213af000 	/System/Library/Frameworks/Quartz.framework/Versions/A/Quartz
0x00000000213af000 	/System/Library/Frameworks/Accounts.framework/Versions/A/Accounts
0x00000000213af000 	/System/Library/PrivateFrameworks/OAuth.framework/Versions/A/OAuth
0x00000000213af000 	/System/Library/PrivateFrameworks/CacheDelete.framework/Versions/A/CacheDelete
0x00000000213af000 	/System/Library/PrivateFrameworks/PlugInKit.framework/Versions/A/PlugInKit
0x00000000213af000 	/System/Library/CoreServices/RawCamera.bundle/Contents/MacOS/RawCamera
0x000000011f791000 	/usr/lib/libgermantok.dylib
0x000000011fc7a000 	cl_kernels
0x00000000213af000 	/System/Library/Frameworks/OpenCL.framework/Versions/A/Libraries/ImageFormats/unorm8_bgra.dylib
0x000000011fc7e000 	/System/Library/Frameworks/OpenCL.framework/Versions/A/Libraries/ImageFormats/unorm8_rgx.dylib
0x00000000213af000 	/System/Library/PrivateFrameworks/DataDetectors.framework/Versions/A/DataDetectors

VM Arguments:
jvm_args: -Dfile.encoding=UTF-8 
java_command: UserInterface.Main
Launcher Type: SUN_STANDARD

Environment Variables:
PATH=/usr/bin:/bin:/usr/sbin:/sbin
SHELL=/bin/bash

Signal Handlers:
SIGSEGV: [libjvm.dylib+0x52daf1], sa_mask[0]=0xfffefeff, sa_flags=0x00000043
SIGBUS: [libjvm.dylib+0x52daf1], sa_mask[0]=0xfffefeff, sa_flags=0x00000042
SIGFPE: [libjvm.dylib+0x41f34e], sa_mask[0]=0xfffefeff, sa_flags=0x00000042
SIGPIPE: [libjvm.dylib+0x41f34e], sa_mask[0]=0xfffefeff, sa_flags=0x00000042
SIGXFSZ: [libjvm.dylib+0x41f34e], sa_mask[0]=0xfffefeff, sa_flags=0x00000042
SIGILL: [libjvm.dylib+0x41f34e], sa_mask[0]=0xfffefeff, sa_flags=0x00000042
SIGUSR1: SIG_DFL, sa_mask[0]=0x00000000, sa_flags=0x00000000
SIGUSR2: [libjvm.dylib+0x41ee40], sa_mask[0]=0x00000004, sa_flags=0x00000042
SIGHUP: [libjvm.dylib+0x41d0d1], sa_mask[0]=0xfffefeff, sa_flags=0x00000042
SIGINT: [libjvm.dylib+0x41d0d1], sa_mask[0]=0xfffefeff, sa_flags=0x00000042
SIGTERM: [libjvm.dylib+0x41d0d1], sa_mask[0]=0xfffefeff, sa_flags=0x00000042
SIGQUIT: [libjvm.dylib+0x41d0d1], sa_mask[0]=0xfffefeff, sa_flags=0x00000042


---------------  S Y S T E M  ---------------

OS:Bsduname:Darwin 16.0.0 Darwin Kernel Version 16.0.0: Mon Aug 29 17:56:20 PDT 2016; root:xnu-3789.1.32~3/RELEASE_X86_64 x86_64
rlimit: STACK 8192k, CORE 0k, NPROC 709, NOFILE 10240, AS infinity
load average:1.86 1.67 1.66

CPU:total 4 (2 cores per cpu, 2 threads per core) family 6 model 58 stepping 9, cmov, cx8, fxsr, mmx, sse, sse2, sse3, ssse3, sse4.1, sse4.2, popcnt, avx, aes, erms, ht, tsc, tscinvbit, tscinv

Memory: 4k page, physical 8388608k(2097152k free)

/proc/meminfo:


vm_info: Java HotSpot(TM) 64-Bit Server VM (24.79-b02) for bsd-amd64 JRE (1.7.0_79-b15), built on Apr 10 2015 11:35:04 by "java_re" with gcc 4.2.1 (Based on Apple Inc. build 5658) (LLVM build 2336.11.00)

time: Mon Nov 28 11:43:57 2016
elapsed time: 80 seconds

